#
# A fatal error has been detected by the Java Runtime Environment:
#
#  EXCEPTION_ACCESS_VIOLATION (0xc0000005) at pc=0x000001f96c84d1b3, pid=3872, tid=9068
#
# JRE version: Java(TM) SE Runtime Environment 18.9 (11.0.13+10) (build 11.0.13+10-LTS-370)
# Java VM: Java HotSpot(TM) 64-Bit Server VM 18.9 (11.0.13+10-LTS-370, mixed mode, tiered, compressed oops, g1 gc, windows-amd64)
# Problematic frame:
# J 4998 c1 java.lang.invoke.MemberName.equals(Ljava/lang/Object;)Z java.base@11.0.13 (24 bytes) @ 0x000001f96c84d1b3 [0x000001f96c84cfc0+0x00000000000001f3]
#
# No core dump will be written. Minidumps are not enabled by default on client versions of Windows
#
# If you would like to submit a bug report, please visit:
#   https://bugreport.java.com/bugreport/crash.jsp
#

---------------  S U M M A R Y ------------

Command Line: -javaagent:C:\Program Files\JetBrains\IntelliJ IDEA Community Edition 2021.3.2\lib\idea_rt.jar=49212:C:\Program Files\JetBrains\IntelliJ IDEA Community Edition 2021.3.2\bin -Dfile.encoding=UTF-8 com.state.psa.config.ServerConfigurationApplication

Host: Intel(R) Core(TM) i5-6400 CPU @ 2.70GHz, 4 cores, 15G,  Windows 10 , 64 bit Build 19041 (10.0.19041.1202)
Time: Thu Mar 31 10:58:21 2022 India Standard Time elapsed time: 6.170076 seconds (0d 0h 0m 6s)

---------------  T H R E A D  ---------------

Current thread (0x000001f96419a000):  JavaThread "main" [_thread_in_Java, id=9068, stack(0x000000313d300000,0x000000313d400000)]

Stack: [0x000000313d300000,0x000000313d400000],  sp=0x000000313d3fb580,  free space=1005k
Native frames: (J=compiled Java code, j=interpreted, Vv=VM code, C=native code)
C  0x000001f96c84d1b3


siginfo: EXCEPTION_ACCESS_VIOLATION (0xc0000005), reading address 0x000000f90e4090b8


Register to memory mapping:

RIP=0x000001f96c84d1b3 is at entry_point+499 in (nmethod*)0x000001f96c84ce10
RAX=0x000000080000be70 is a pointer to class: 
java.lang.invoke.MemberName {0x000000080000be78}
RBX=48752 is a compressed pointer to class: 0x000000080000be70
java.lang.invoke.MemberName {0x000000080000be78}
RCX=0x00000000000013b6 is an unknown value
RDX=0x0000000711bf0c70 is an oop: java.lang.invoke.MemberName 
{0x0000000711bf0c70} - klass: 'java/lang/invoke/MemberName'
RSP=0x000000313d3fb580 is pointing into the stack for thread: 0x000001f96419a000
RBP=0x000000313d3fba30 is pointing into the stack for thread: 0x000001f96419a000
RSI=0x000000080000be70 is a pointer to class: 
java.lang.invoke.MemberName {0x000000080000be78}
RDI=0x000000f90e408f08 is an unknown value
R8 =0x0000000800000000 is pointing into metadata
R9 =0x0000000000000006 is an unknown value
R10=0x0000000000000010 is an unknown value
R11=0x0000000000000001 is an unknown value
R12=0x0 is NULL
R13=0x0000000000000066 is an unknown value
R14=0x0000000000331605 is an unknown value
R15=0x000001f96419a000 is a thread


Registers:
RAX=0x000000080000be70, RBX=0x000000000000be70, RCX=0x00000000000013b6, RDX=0x0000000711bf0c70
RSP=0x000000313d3fb580, RBP=0x000000313d3fba30, RSI=0x000000080000be70, RDI=0x000000f90e408f08
R8 =0x0000000800000000, R9 =0x0000000000000006, R10=0x0000000000000010, R11=0x0000000000000001
R12=0x0000000000000000, R13=0x0000000000000066, R14=0x0000000000331605, R15=0x000001f96419a000
RIP=0x000001f96c84d1b3, EFLAGS=0x0000000000010246

Top of Stack: (sp=0x000000313d3fb580)
0x000000313d3fb580:   000001f900000000 000001f900000070
0x000000313d3fb590:   000001f9000018e8 0000000711bf0ca0
0x000000313d3fb5a0:   0000003100000000 000000080061e0b0
0x000000313d3fb5b0:   000000313d3fba30 000001f96c7eec8c
0x000000313d3fb5c0:   000001f96419a000 00007ffce3f92a8b
0x000000313d3fb5d0:   000001f96419a000 000001f90e0065d0
0x000000313d3fb5e0:   000001f96419a000 00007ffce406bd90
0x000000313d3fb5f0:   0000000000000000 00007ffce3f922d8
0x000000313d3fb600:   000001f964198780 0000000800000006
0x000000313d3fb610:   00000007030cc960 0000000711bf0af8
0x000000313d3fb620:   0000000711bf0c70 00000007030cc830
0x000000313d3fb630:   0000000000000000 000001f964198780
0x000000313d3fb640:   00000007030cc430 0000000711bf0c70
0x000000313d3fb650:   0000000708df69c8 0000003154b05b2a
0x000000313d3fb660:   000001f964198780 000001f964194bc0
0x000000313d3fb670:   000000313d3fba30 000001f96c095524 

Instructions: (pc=0x000001f96c84d1b3)
0x000001f96c84d193:   00 00 48 bf 08 8f 40 0e f9 00 00 00 41 8b 58 08
0x000001f96c84d1a3:   49 b8 00 00 00 00 08 00 00 00 49 03 dc 4d 33 e4
0x000001f96c84d1b3:   48 0a 9f b0 01 00 00 75 0d 08 83 87 b8 01 00 00
0x000001f96c84d1c3:   01 e8 7f 00 00 00 48 3b 9f c0 01 00 00 75 0d 48 


Stack slot to memory mapping:
stack at sp + 0 slots: 0x000001f900000000 points into unknown readable memory: 0x0000000000000000 | 00 00 00 00 00 00 00 00
stack at sp + 1 slots: 0x000001f900000070 points into unknown readable memory: 0x0000000000000000 | 00 00 00 00 00 00 00 00
stack at sp + 2 slots: 0x000001f9000018e8 points into unknown readable memory: 0x0000000000000000 | 00 00 00 00 00 00 00 00
stack at sp + 3 slots: 0x0000000711bf0ca0 is an oop: [Ljava.lang.Object; 
{0x0000000711bf0ca0} - klass: 'java/lang/Object'[]
 - length: 4
stack at sp + 4 slots: 0x0000003100000000 is an unknown value
stack at sp + 5 slots: 0x000000080061e0b0 is a pointer to class: 
com.netflix.discovery.converters.wrappers.CodecWrappers$1 {0x000000080061e0b8}
stack at sp + 6 slots: 0x000000313d3fba30 is pointing into the stack for thread: 0x000001f96419a000
stack at sp + 7 slots: 0x000001f96c7eec8c is at entry_point+1452 in (nmethod*)0x000001f96c7ee490



---------------  P R O C E S S  ---------------

Threads class SMR info:
_java_thread_list=0x000001f90b744d70, length=16, elements={
0x000001f96419a000, 0x000001f906bea000, 0x000001f906bda800, 0x000001f906c35800,
0x000001f906c36800, 0x000001f906c38000, 0x000001f906c3d000, 0x000001f906c42000,
0x000001f906c45800, 0x000001f90636b000, 0x000001f907572800, 0x000001f908777800,
0x000001f90b87a000, 0x000001f90b87d800, 0x000001f90b87c800, 0x000001f90b880800
}

Java Threads: ( => current thread )
=>0x000001f96419a000 JavaThread "main" [_thread_in_Java, id=9068, stack(0x000000313d300000,0x000000313d400000)]
  0x000001f906bea000 JavaThread "Reference Handler" daemon [_thread_blocked, id=3976, stack(0x000000313da00000,0x000000313db00000)]
  0x000001f906bda800 JavaThread "Finalizer" daemon [_thread_blocked, id=5560, stack(0x000000313db00000,0x000000313dc00000)]
  0x000001f906c35800 JavaThread "Signal Dispatcher" daemon [_thread_blocked, id=5548, stack(0x000000313dc00000,0x000000313dd00000)]
  0x000001f906c36800 JavaThread "Attach Listener" daemon [_thread_blocked, id=6668, stack(0x000000313dd00000,0x000000313de00000)]
  0x000001f906c38000 JavaThread "Service Thread" daemon [_thread_blocked, id=4852, stack(0x000000313de00000,0x000000313df00000)]
  0x000001f906c3d000 JavaThread "C2 CompilerThread0" daemon [_thread_in_native, id=5124, stack(0x000000313df00000,0x000000313e000000)]
  0x000001f906c42000 JavaThread "C1 CompilerThread0" daemon [_thread_blocked, id=8436, stack(0x000000313e000000,0x000000313e100000)]
  0x000001f906c45800 JavaThread "Sweeper thread" daemon [_thread_blocked, id=2472, stack(0x000000313e100000,0x000000313e200000)]
  0x000001f90636b000 JavaThread "Common-Cleaner" daemon [_thread_blocked, id=1172, stack(0x000000313e200000,0x000000313e300000)]
  0x000001f907572800 JavaThread "Monitor Ctrl-Break" daemon [_thread_in_native, id=7616, stack(0x000000313e400000,0x000000313e500000)]
  0x000001f908777800 JavaThread "C2 CompilerThread1" daemon [_thread_in_native, id=5348, stack(0x000000313e300000,0x000000313e400000)]
  0x000001f90b87a000 JavaThread "Catalina-utility-1" [_thread_blocked, id=9100, stack(0x000000313e900000,0x000000313ea00000)]
  0x000001f90b87d800 JavaThread "Catalina-utility-2" [_thread_blocked, id=9104, stack(0x000000313ea00000,0x000000313eb00000)]
  0x000001f90b87c800 JavaThread "container-0" [_thread_blocked, id=1224, stack(0x000000313eb00000,0x000000313ec00000)]
  0x000001f90b880800 JavaThread "spring.cloud.inetutils" daemon [_thread_blocked, id=3452, stack(0x000000313ec00000,0x000000313ed00000)]

Other Threads:
  0x000001f906bb5800 VMThread "VM Thread" [stack: 0x000000313d900000,0x000000313da00000] [id=6188]
  0x000001f907578000 WatcherThread [stack: 0x000000313e500000,0x000000313e600000] [id=480]
  0x000001f9641b0000 GCTaskThread "GC Thread#0" [stack: 0x000000313d400000,0x000000313d500000] [id=3092]
  0x000001f9071ea000 GCTaskThread "GC Thread#1" [stack: 0x000000313e600000,0x000000313e700000] [id=8368]
  0x000001f9075db800 GCTaskThread "GC Thread#2" [stack: 0x000000313e700000,0x000000313e800000] [id=2540]
  0x000001f9075dc800 GCTaskThread "GC Thread#3" [stack: 0x000000313e800000,0x000000313e900000] [id=5024]
  0x000001f96420b000 ConcurrentGCThread "G1 Main Marker" [stack: 0x000000313d500000,0x000000313d600000] [id=4132]
  0x000001f96420d000 ConcurrentGCThread "G1 Conc#0" [stack: 0x000000313d600000,0x000000313d700000] [id=2960]
  0x000001f906219800 ConcurrentGCThread "G1 Refine#0" [stack: 0x000000313d700000,0x000000313d800000] [id=3608]
  0x000001f90621a800 ConcurrentGCThread "G1 Young RemSet Sampling" [stack: 0x000000313d800000,0x000000313d900000] [id=4136]

Threads with active compile tasks:
C2 CompilerThread0   6329 4982       4       org.springframework.core.annotation.AnnotationTypeMappings::forAnnotationType (71 bytes)
C2 CompilerThread1   6329 4990       4       org.springframework.boot.context.properties.source.SpringIterableConfigurationPropertySource::getConfigurationProperty (93 bytes)

VM state:not at safepoint (normal execution)

VM Mutex/Monitor currently owned by a thread: None

Heap address: 0x0000000702e00000, size: 4050 MB, Compressed Oops mode: Zero based, Oop shift amount: 3
Narrow klass base: 0x0000000800000000, Narrow klass shift: 0
Compressed class space size: 1073741824 Address: 0x0000000800000000

Heap:
 garbage-first heap   total 260096K, used 37767K [0x0000000702e00000, 0x0000000800000000)
  region size 1024K, 30 young (30720K), 13 survivors (13312K)
 Metaspace       used 48930K, capacity 50173K, committed 50304K, reserved 1093632K
  class space    used 5959K, capacity 6455K, committed 6528K, reserved 1048576K
Heap Regions: E=young(eden), S=young(survivor), O=old, HS=humongous(starts), HC=humongous(continues), CS=collection set, F=free, A=archive, TAMS=top-at-mark-start (previous, next)
|   0|0x0000000702e00000, 0x0000000702f00000, 0x0000000702f00000|100%| O|  |TAMS 0x0000000702f00000, 0x0000000702e00000| Untracked 
|   1|0x0000000702f00000, 0x0000000703000000, 0x0000000703000000|100%| O|  |TAMS 0x0000000703000000, 0x0000000702f00000| Untracked 
|   2|0x0000000703000000, 0x0000000703100000, 0x0000000703100000|100%| O|  |TAMS 0x0000000703100000, 0x0000000703000000| Untracked 
|   3|0x0000000703100000, 0x0000000703200000, 0x0000000703200000|100%| O|  |TAMS 0x0000000703200000, 0x0000000703100000| Untracked 
|   4|0x0000000703200000, 0x0000000703300000, 0x0000000703300000|100%| O|  |TAMS 0x0000000703300000, 0x0000000703200000| Untracked 
|   5|0x0000000703300000, 0x0000000703400000, 0x0000000703400000|100%| O|  |TAMS 0x0000000703400000, 0x0000000703300000| Untracked 
|   6|0x0000000703400000, 0x0000000703500000, 0x0000000703500000|100%| O|  |TAMS 0x0000000703500000, 0x0000000703400000| Untracked 
|   7|0x0000000703500000, 0x0000000703600000, 0x0000000703600000|100%| O|  |TAMS 0x0000000703600000, 0x0000000703500000| Untracked 
|   8|0x0000000703600000, 0x000000070365ec00, 0x0000000703700000| 37%| O|  |TAMS 0x000000070365ec00, 0x0000000703600000| Untracked 
|   9|0x0000000703700000, 0x0000000703700000, 0x0000000703800000|  0%| F|  |TAMS 0x0000000703700000, 0x0000000703700000| Untracked 
|  10|0x0000000703800000, 0x0000000703800000, 0x0000000703900000|  0%| F|  |TAMS 0x0000000703800000, 0x0000000703800000| Untracked 
|  11|0x0000000703900000, 0x0000000703900000, 0x0000000703a00000|  0%| F|  |TAMS 0x0000000703900000, 0x0000000703900000| Untracked 
|  12|0x0000000703a00000, 0x0000000703a00000, 0x0000000703b00000|  0%| F|  |TAMS 0x0000000703a00000, 0x0000000703a00000| Untracked 
|  13|0x0000000703b00000, 0x0000000703b00000, 0x0000000703c00000|  0%| F|  |TAMS 0x0000000703b00000, 0x0000000703b00000| Untracked 
|  14|0x0000000703c00000, 0x0000000703c00000, 0x0000000703d00000|  0%| F|  |TAMS 0x0000000703c00000, 0x0000000703c00000| Untracked 
|  15|0x0000000703d00000, 0x0000000703d00000, 0x0000000703e00000|  0%| F|  |TAMS 0x0000000703d00000, 0x0000000703d00000| Untracked 
|  16|0x0000000703e00000, 0x0000000703e00000, 0x0000000703f00000|  0%| F|  |TAMS 0x0000000703e00000, 0x0000000703e00000| Untracked 
|  17|0x0000000703f00000, 0x0000000703f00000, 0x0000000704000000|  0%| F|  |TAMS 0x0000000703f00000, 0x0000000703f00000| Untracked 
|  18|0x0000000704000000, 0x0000000704000000, 0x0000000704100000|  0%| F|  |TAMS 0x0000000704000000, 0x0000000704000000| Untracked 
|  19|0x0000000704100000, 0x0000000704100000, 0x0000000704200000|  0%| F|  |TAMS 0x0000000704100000, 0x0000000704100000| Untracked 
|  20|0x0000000704200000, 0x0000000704200000, 0x0000000704300000|  0%| F|  |TAMS 0x0000000704200000, 0x0000000704200000| Untracked 
|  21|0x0000000704300000, 0x0000000704300000, 0x0000000704400000|  0%| F|  |TAMS 0x0000000704300000, 0x0000000704300000| Untracked 
|  22|0x0000000704400000, 0x0000000704400000, 0x0000000704500000|  0%| F|  |TAMS 0x0000000704400000, 0x0000000704400000| Untracked 
|  23|0x0000000704500000, 0x0000000704500000, 0x0000000704600000|  0%| F|  |TAMS 0x0000000704500000, 0x0000000704500000| Untracked 
|  24|0x0000000704600000, 0x0000000704600000, 0x0000000704700000|  0%| F|  |TAMS 0x0000000704600000, 0x0000000704600000| Untracked 
|  25|0x0000000704700000, 0x0000000704700000, 0x0000000704800000|  0%| F|  |TAMS 0x0000000704700000, 0x0000000704700000| Untracked 
|  26|0x0000000704800000, 0x0000000704800000, 0x0000000704900000|  0%| F|  |TAMS 0x0000000704800000, 0x0000000704800000| Untracked 
|  27|0x0000000704900000, 0x0000000704900000, 0x0000000704a00000|  0%| F|  |TAMS 0x0000000704900000, 0x0000000704900000| Untracked 
|  28|0x0000000704a00000, 0x0000000704a00000, 0x0000000704b00000|  0%| F|  |TAMS 0x0000000704a00000, 0x0000000704a00000| Untracked 
|  29|0x0000000704b00000, 0x0000000704b00000, 0x0000000704c00000|  0%| F|  |TAMS 0x0000000704b00000, 0x0000000704b00000| Untracked 
|  30|0x0000000704c00000, 0x0000000704c00000, 0x0000000704d00000|  0%| F|  |TAMS 0x0000000704c00000, 0x0000000704c00000| Untracked 
|  31|0x0000000704d00000, 0x0000000704d00000, 0x0000000704e00000|  0%| F|  |TAMS 0x0000000704d00000, 0x0000000704d00000| Untracked 
|  32|0x0000000704e00000, 0x0000000704e00000, 0x0000000704f00000|  0%| F|  |TAMS 0x0000000704e00000, 0x0000000704e00000| Untracked 
|  33|0x0000000704f00000, 0x0000000704f00000, 0x0000000705000000|  0%| F|  |TAMS 0x0000000704f00000, 0x0000000704f00000| Untracked 
|  34|0x0000000705000000, 0x0000000705000000, 0x0000000705100000|  0%| F|  |TAMS 0x0000000705000000, 0x0000000705000000| Untracked 
|  35|0x0000000705100000, 0x0000000705100000, 0x0000000705200000|  0%| F|  |TAMS 0x0000000705100000, 0x0000000705100000| Untracked 
|  36|0x0000000705200000, 0x0000000705200000, 0x0000000705300000|  0%| F|  |TAMS 0x0000000705200000, 0x0000000705200000| Untracked 
|  37|0x0000000705300000, 0x0000000705300000, 0x0000000705400000|  0%| F|  |TAMS 0x0000000705300000, 0x0000000705300000| Untracked 
|  38|0x0000000705400000, 0x0000000705400000, 0x0000000705500000|  0%| F|  |TAMS 0x0000000705400000, 0x0000000705400000| Untracked 
|  39|0x0000000705500000, 0x0000000705500000, 0x0000000705600000|  0%| F|  |TAMS 0x0000000705500000, 0x0000000705500000| Untracked 
|  40|0x0000000705600000, 0x0000000705600000, 0x0000000705700000|  0%| F|  |TAMS 0x0000000705600000, 0x0000000705600000| Untracked 
|  41|0x0000000705700000, 0x0000000705700000, 0x0000000705800000|  0%| F|  |TAMS 0x0000000705700000, 0x0000000705700000| Untracked 
|  42|0x0000000705800000, 0x0000000705800000, 0x0000000705900000|  0%| F|  |TAMS 0x0000000705800000, 0x0000000705800000| Untracked 
|  43|0x0000000705900000, 0x0000000705900000, 0x0000000705a00000|  0%| F|  |TAMS 0x0000000705900000, 0x0000000705900000| Untracked 
|  44|0x0000000705a00000, 0x0000000705a00000, 0x0000000705b00000|  0%| F|  |TAMS 0x0000000705a00000, 0x0000000705a00000| Untracked 
|  45|0x0000000705b00000, 0x0000000705b00000, 0x0000000705c00000|  0%| F|  |TAMS 0x0000000705b00000, 0x0000000705b00000| Untracked 
|  46|0x0000000705c00000, 0x0000000705c00000, 0x0000000705d00000|  0%| F|  |TAMS 0x0000000705c00000, 0x0000000705c00000| Untracked 
|  47|0x0000000705d00000, 0x0000000705d00000, 0x0000000705e00000|  0%| F|  |TAMS 0x0000000705d00000, 0x0000000705d00000| Untracked 
|  48|0x0000000705e00000, 0x0000000705e00000, 0x0000000705f00000|  0%| F|  |TAMS 0x0000000705e00000, 0x0000000705e00000| Untracked 
|  49|0x0000000705f00000, 0x0000000705f00000, 0x0000000706000000|  0%| F|  |TAMS 0x0000000705f00000, 0x0000000705f00000| Untracked 
|  50|0x0000000706000000, 0x0000000706000000, 0x0000000706100000|  0%| F|  |TAMS 0x0000000706000000, 0x0000000706000000| Untracked 
|  51|0x0000000706100000, 0x0000000706100000, 0x0000000706200000|  0%| F|  |TAMS 0x0000000706100000, 0x0000000706100000| Untracked 
|  52|0x0000000706200000, 0x0000000706200000, 0x0000000706300000|  0%| F|  |TAMS 0x0000000706200000, 0x0000000706200000| Untracked 
|  53|0x0000000706300000, 0x0000000706300000, 0x0000000706400000|  0%| F|  |TAMS 0x0000000706300000, 0x0000000706300000| Untracked 
|  54|0x0000000706400000, 0x0000000706400000, 0x0000000706500000|  0%| F|  |TAMS 0x0000000706400000, 0x0000000706400000| Untracked 
|  55|0x0000000706500000, 0x0000000706500000, 0x0000000706600000|  0%| F|  |TAMS 0x0000000706500000, 0x0000000706500000| Untracked 
|  56|0x0000000706600000, 0x0000000706600000, 0x0000000706700000|  0%| F|  |TAMS 0x0000000706600000, 0x0000000706600000| Untracked 
|  57|0x0000000706700000, 0x0000000706700000, 0x0000000706800000|  0%| F|  |TAMS 0x0000000706700000, 0x0000000706700000| Untracked 
|  58|0x0000000706800000, 0x0000000706800000, 0x0000000706900000|  0%| F|  |TAMS 0x0000000706800000, 0x0000000706800000| Untracked 
|  59|0x0000000706900000, 0x0000000706900000, 0x0000000706a00000|  0%| F|  |TAMS 0x0000000706900000, 0x0000000706900000| Untracked 
|  60|0x0000000706a00000, 0x0000000706a00000, 0x0000000706b00000|  0%| F|  |TAMS 0x0000000706a00000, 0x0000000706a00000| Untracked 
|  61|0x0000000706b00000, 0x0000000706b00000, 0x0000000706c00000|  0%| F|  |TAMS 0x0000000706b00000, 0x0000000706b00000| Untracked 
|  62|0x0000000706c00000, 0x0000000706c00000, 0x0000000706d00000|  0%| F|  |TAMS 0x0000000706c00000, 0x0000000706c00000| Untracked 
|  63|0x0000000706d00000, 0x0000000706d00000, 0x0000000706e00000|  0%| F|  |TAMS 0x0000000706d00000, 0x0000000706d00000| Untracked 
|  64|0x0000000706e00000, 0x0000000706e00000, 0x0000000706f00000|  0%| F|  |TAMS 0x0000000706e00000, 0x0000000706e00000| Untracked 
|  65|0x0000000706f00000, 0x0000000706f00000, 0x0000000707000000|  0%| F|  |TAMS 0x0000000706f00000, 0x0000000706f00000| Untracked 
|  66|0x0000000707000000, 0x0000000707000000, 0x0000000707100000|  0%| F|  |TAMS 0x0000000707000000, 0x0000000707000000| Untracked 
|  67|0x0000000707100000, 0x0000000707100000, 0x0000000707200000|  0%| F|  |TAMS 0x0000000707100000, 0x0000000707100000| Untracked 
|  68|0x0000000707200000, 0x0000000707200000, 0x0000000707300000|  0%| F|  |TAMS 0x0000000707200000, 0x0000000707200000| Untracked 
|  69|0x0000000707300000, 0x0000000707300000, 0x0000000707400000|  0%| F|  |TAMS 0x0000000707300000, 0x0000000707300000| Untracked 
|  70|0x0000000707400000, 0x0000000707400000, 0x0000000707500000|  0%| F|  |TAMS 0x0000000707400000, 0x0000000707400000| Untracked 
|  71|0x0000000707500000, 0x0000000707500000, 0x0000000707600000|  0%| F|  |TAMS 0x0000000707500000, 0x0000000707500000| Untracked 
|  72|0x0000000707600000, 0x0000000707600000, 0x0000000707700000|  0%| F|  |TAMS 0x0000000707600000, 0x0000000707600000| Untracked 
|  73|0x0000000707700000, 0x0000000707700000, 0x0000000707800000|  0%| F|  |TAMS 0x0000000707700000, 0x0000000707700000| Untracked 
|  74|0x0000000707800000, 0x0000000707800000, 0x0000000707900000|  0%| F|  |TAMS 0x0000000707800000, 0x0000000707800000| Untracked 
|  75|0x0000000707900000, 0x0000000707900000, 0x0000000707a00000|  0%| F|  |TAMS 0x0000000707900000, 0x0000000707900000| Untracked 
|  76|0x0000000707a00000, 0x0000000707a00000, 0x0000000707b00000|  0%| F|  |TAMS 0x0000000707a00000, 0x0000000707a00000| Untracked 
|  77|0x0000000707b00000, 0x0000000707b00000, 0x0000000707c00000|  0%| F|  |TAMS 0x0000000707b00000, 0x0000000707b00000| Untracked 
|  78|0x0000000707c00000, 0x0000000707c00000, 0x0000000707d00000|  0%| F|  |TAMS 0x0000000707c00000, 0x0000000707c00000| Untracked 
|  79|0x0000000707d00000, 0x0000000707d00000, 0x0000000707e00000|  0%| F|  |TAMS 0x0000000707d00000, 0x0000000707d00000| Untracked 
|  80|0x0000000707e00000, 0x0000000707e00000, 0x0000000707f00000|  0%| F|  |TAMS 0x0000000707e00000, 0x0000000707e00000| Untracked 
|  81|0x0000000707f00000, 0x0000000707f00000, 0x0000000708000000|  0%| F|  |TAMS 0x0000000707f00000, 0x0000000707f00000| Untracked 
|  82|0x0000000708000000, 0x0000000708000000, 0x0000000708100000|  0%| F|  |TAMS 0x0000000708000000, 0x0000000708000000| Untracked 
|  83|0x0000000708100000, 0x0000000708100000, 0x0000000708200000|  0%| F|  |TAMS 0x0000000708100000, 0x0000000708100000| Untracked 
|  84|0x0000000708200000, 0x0000000708200000, 0x0000000708300000|  0%| F|  |TAMS 0x0000000708200000, 0x0000000708200000| Untracked 
|  85|0x0000000708300000, 0x0000000708300000, 0x0000000708400000|  0%| F|  |TAMS 0x0000000708300000, 0x0000000708300000| Untracked 
|  86|0x0000000708400000, 0x0000000708400000, 0x0000000708500000|  0%| F|  |TAMS 0x0000000708400000, 0x0000000708400000| Untracked 
|  87|0x0000000708500000, 0x0000000708500000, 0x0000000708600000|  0%| F|  |TAMS 0x0000000708500000, 0x0000000708500000| Untracked 
|  88|0x0000000708600000, 0x0000000708600000, 0x0000000708700000|  0%| F|  |TAMS 0x0000000708600000, 0x0000000708600000| Untracked 
|  89|0x0000000708700000, 0x0000000708783370, 0x0000000708800000| 51%| S|CS|TAMS 0x0000000708700000, 0x0000000708700000| Complete 
|  90|0x0000000708800000, 0x0000000708900000, 0x0000000708900000|100%| S|CS|TAMS 0x0000000708800000, 0x0000000708800000| Complete 
|  91|0x0000000708900000, 0x0000000708a00000, 0x0000000708a00000|100%| S|CS|TAMS 0x0000000708900000, 0x0000000708900000| Complete 
|  92|0x0000000708a00000, 0x0000000708b00000, 0x0000000708b00000|100%| S|CS|TAMS 0x0000000708a00000, 0x0000000708a00000| Complete 
|  93|0x0000000708b00000, 0x0000000708c00000, 0x0000000708c00000|100%| S|CS|TAMS 0x0000000708b00000, 0x0000000708b00000| Complete 
|  94|0x0000000708c00000, 0x0000000708d00000, 0x0000000708d00000|100%| S|CS|TAMS 0x0000000708c00000, 0x0000000708c00000| Complete 
|  95|0x0000000708d00000, 0x0000000708e00000, 0x0000000708e00000|100%| S|CS|TAMS 0x0000000708d00000, 0x0000000708d00000| Complete 
|  96|0x0000000708e00000, 0x0000000708f00000, 0x0000000708f00000|100%| S|CS|TAMS 0x0000000708e00000, 0x0000000708e00000| Complete 
|  97|0x0000000708f00000, 0x0000000709000000, 0x0000000709000000|100%| S|CS|TAMS 0x0000000708f00000, 0x0000000708f00000| Complete 
|  98|0x0000000709000000, 0x0000000709100000, 0x0000000709100000|100%| S|CS|TAMS 0x0000000709000000, 0x0000000709000000| Complete 
|  99|0x0000000709100000, 0x0000000709200000, 0x0000000709200000|100%| S|CS|TAMS 0x0000000709100000, 0x0000000709100000| Complete 
| 100|0x0000000709200000, 0x0000000709300000, 0x0000000709300000|100%| S|CS|TAMS 0x0000000709200000, 0x0000000709200000| Complete 
| 101|0x0000000709300000, 0x0000000709400000, 0x0000000709400000|100%| S|CS|TAMS 0x0000000709300000, 0x0000000709300000| Complete 
| 102|0x0000000709400000, 0x0000000709400000, 0x0000000709500000|  0%| F|  |TAMS 0x0000000709400000, 0x0000000709400000| Untracked 
| 103|0x0000000709500000, 0x0000000709500000, 0x0000000709600000|  0%| F|  |TAMS 0x0000000709500000, 0x0000000709500000| Untracked 
| 104|0x0000000709600000, 0x0000000709600000, 0x0000000709700000|  0%| F|  |TAMS 0x0000000709600000, 0x0000000709600000| Untracked 
| 105|0x0000000709700000, 0x0000000709700000, 0x0000000709800000|  0%| F|  |TAMS 0x0000000709700000, 0x0000000709700000| Untracked 
| 106|0x0000000709800000, 0x0000000709800000, 0x0000000709900000|  0%| F|  |TAMS 0x0000000709800000, 0x0000000709800000| Untracked 
| 107|0x0000000709900000, 0x0000000709900000, 0x0000000709a00000|  0%| F|  |TAMS 0x0000000709900000, 0x0000000709900000| Untracked 
| 108|0x0000000709a00000, 0x0000000709a00000, 0x0000000709b00000|  0%| F|  |TAMS 0x0000000709a00000, 0x0000000709a00000| Untracked 
| 109|0x0000000709b00000, 0x0000000709b00000, 0x0000000709c00000|  0%| F|  |TAMS 0x0000000709b00000, 0x0000000709b00000| Untracked 
| 110|0x0000000709c00000, 0x0000000709c00000, 0x0000000709d00000|  0%| F|  |TAMS 0x0000000709c00000, 0x0000000709c00000| Untracked 
| 111|0x0000000709d00000, 0x0000000709d00000, 0x0000000709e00000|  0%| F|  |TAMS 0x0000000709d00000, 0x0000000709d00000| Untracked 
| 112|0x0000000709e00000, 0x0000000709e00000, 0x0000000709f00000|  0%| F|  |TAMS 0x0000000709e00000, 0x0000000709e00000| Untracked 
| 113|0x0000000709f00000, 0x0000000709f00000, 0x000000070a000000|  0%| F|  |TAMS 0x0000000709f00000, 0x0000000709f00000| Untracked 
| 114|0x000000070a000000, 0x000000070a000000, 0x000000070a100000|  0%| F|  |TAMS 0x000000070a000000, 0x000000070a000000| Untracked 
| 115|0x000000070a100000, 0x000000070a100000, 0x000000070a200000|  0%| F|  |TAMS 0x000000070a100000, 0x000000070a100000| Untracked 
| 116|0x000000070a200000, 0x000000070a200000, 0x000000070a300000|  0%| F|  |TAMS 0x000000070a200000, 0x000000070a200000| Untracked 
| 117|0x000000070a300000, 0x000000070a300000, 0x000000070a400000|  0%| F|  |TAMS 0x000000070a300000, 0x000000070a300000| Untracked 
| 118|0x000000070a400000, 0x000000070a400000, 0x000000070a500000|  0%| F|  |TAMS 0x000000070a400000, 0x000000070a400000| Untracked 
| 119|0x000000070a500000, 0x000000070a500000, 0x000000070a600000|  0%| F|  |TAMS 0x000000070a500000, 0x000000070a500000| Untracked 
| 120|0x000000070a600000, 0x000000070a600000, 0x000000070a700000|  0%| F|  |TAMS 0x000000070a600000, 0x000000070a600000| Untracked 
| 121|0x000000070a700000, 0x000000070a700000, 0x000000070a800000|  0%| F|  |TAMS 0x000000070a700000, 0x000000070a700000| Untracked 
| 122|0x000000070a800000, 0x000000070a800000, 0x000000070a900000|  0%| F|  |TAMS 0x000000070a800000, 0x000000070a800000| Untracked 
| 123|0x000000070a900000, 0x000000070a900000, 0x000000070aa00000|  0%| F|  |TAMS 0x000000070a900000, 0x000000070a900000| Untracked 
| 124|0x000000070aa00000, 0x000000070aa00000, 0x000000070ab00000|  0%| F|  |TAMS 0x000000070aa00000, 0x000000070aa00000| Untracked 
| 125|0x000000070ab00000, 0x000000070ab00000, 0x000000070ac00000|  0%| F|  |TAMS 0x000000070ab00000, 0x000000070ab00000| Untracked 
| 126|0x000000070ac00000, 0x000000070ac00000, 0x000000070ad00000|  0%| F|  |TAMS 0x000000070ac00000, 0x000000070ac00000| Untracked 
| 127|0x000000070ad00000, 0x000000070ad00000, 0x000000070ae00000|  0%| F|  |TAMS 0x000000070ad00000, 0x000000070ad00000| Untracked 
| 128|0x000000070ae00000, 0x000000070ae00000, 0x000000070af00000|  0%| F|  |TAMS 0x000000070ae00000, 0x000000070ae00000| Untracked 
| 129|0x000000070af00000, 0x000000070af00000, 0x000000070b000000|  0%| F|  |TAMS 0x000000070af00000, 0x000000070af00000| Untracked 
| 130|0x000000070b000000, 0x000000070b000000, 0x000000070b100000|  0%| F|  |TAMS 0x000000070b000000, 0x000000070b000000| Untracked 
| 131|0x000000070b100000, 0x000000070b100000, 0x000000070b200000|  0%| F|  |TAMS 0x000000070b100000, 0x000000070b100000| Untracked 
| 132|0x000000070b200000, 0x000000070b200000, 0x000000070b300000|  0%| F|  |TAMS 0x000000070b200000, 0x000000070b200000| Untracked 
| 133|0x000000070b300000, 0x000000070b300000, 0x000000070b400000|  0%| F|  |TAMS 0x000000070b300000, 0x000000070b300000| Untracked 
| 134|0x000000070b400000, 0x000000070b400000, 0x000000070b500000|  0%| F|  |TAMS 0x000000070b400000, 0x000000070b400000| Untracked 
| 135|0x000000070b500000, 0x000000070b500000, 0x000000070b600000|  0%| F|  |TAMS 0x000000070b500000, 0x000000070b500000| Untracked 
| 136|0x000000070b600000, 0x000000070b600000, 0x000000070b700000|  0%| F|  |TAMS 0x000000070b600000, 0x000000070b600000| Untracked 
| 137|0x000000070b700000, 0x000000070b700000, 0x000000070b800000|  0%| F|  |TAMS 0x000000070b700000, 0x000000070b700000| Untracked 
| 138|0x000000070b800000, 0x000000070b800000, 0x000000070b900000|  0%| F|  |TAMS 0x000000070b800000, 0x000000070b800000| Untracked 
| 139|0x000000070b900000, 0x000000070b900000, 0x000000070ba00000|  0%| F|  |TAMS 0x000000070b900000, 0x000000070b900000| Untracked 
| 140|0x000000070ba00000, 0x000000070ba00000, 0x000000070bb00000|  0%| F|  |TAMS 0x000000070ba00000, 0x000000070ba00000| Untracked 
| 141|0x000000070bb00000, 0x000000070bb00000, 0x000000070bc00000|  0%| F|  |TAMS 0x000000070bb00000, 0x000000070bb00000| Untracked 
| 142|0x000000070bc00000, 0x000000070bc00000, 0x000000070bd00000|  0%| F|  |TAMS 0x000000070bc00000, 0x000000070bc00000| Untracked 
| 143|0x000000070bd00000, 0x000000070bd00000, 0x000000070be00000|  0%| F|  |TAMS 0x000000070bd00000, 0x000000070bd00000| Untracked 
| 144|0x000000070be00000, 0x000000070be00000, 0x000000070bf00000|  0%| F|  |TAMS 0x000000070be00000, 0x000000070be00000| Untracked 
| 145|0x000000070bf00000, 0x000000070bf00000, 0x000000070c000000|  0%| F|  |TAMS 0x000000070bf00000, 0x000000070bf00000| Untracked 
| 146|0x000000070c000000, 0x000000070c000000, 0x000000070c100000|  0%| F|  |TAMS 0x000000070c000000, 0x000000070c000000| Untracked 
| 147|0x000000070c100000, 0x000000070c100000, 0x000000070c200000|  0%| F|  |TAMS 0x000000070c100000, 0x000000070c100000| Untracked 
| 148|0x000000070c200000, 0x000000070c200000, 0x000000070c300000|  0%| F|  |TAMS 0x000000070c200000, 0x000000070c200000| Untracked 
| 149|0x000000070c300000, 0x000000070c300000, 0x000000070c400000|  0%| F|  |TAMS 0x000000070c300000, 0x000000070c300000| Untracked 
| 150|0x000000070c400000, 0x000000070c400000, 0x000000070c500000|  0%| F|  |TAMS 0x000000070c400000, 0x000000070c400000| Untracked 
| 151|0x000000070c500000, 0x000000070c500000, 0x000000070c600000|  0%| F|  |TAMS 0x000000070c500000, 0x000000070c500000| Untracked 
| 152|0x000000070c600000, 0x000000070c600000, 0x000000070c700000|  0%| F|  |TAMS 0x000000070c600000, 0x000000070c600000| Untracked 
| 153|0x000000070c700000, 0x000000070c700000, 0x000000070c800000|  0%| F|  |TAMS 0x000000070c700000, 0x000000070c700000| Untracked 
| 154|0x000000070c800000, 0x000000070c800000, 0x000000070c900000|  0%| F|  |TAMS 0x000000070c800000, 0x000000070c800000| Untracked 
| 155|0x000000070c900000, 0x000000070c900000, 0x000000070ca00000|  0%| F|  |TAMS 0x000000070c900000, 0x000000070c900000| Untracked 
| 156|0x000000070ca00000, 0x000000070ca00000, 0x000000070cb00000|  0%| F|  |TAMS 0x000000070ca00000, 0x000000070ca00000| Untracked 
| 157|0x000000070cb00000, 0x000000070cb00000, 0x000000070cc00000|  0%| F|  |TAMS 0x000000070cb00000, 0x000000070cb00000| Untracked 
| 158|0x000000070cc00000, 0x000000070cc00000, 0x000000070cd00000|  0%| F|  |TAMS 0x000000070cc00000, 0x000000070cc00000| Untracked 
| 159|0x000000070cd00000, 0x000000070cd00000, 0x000000070ce00000|  0%| F|  |TAMS 0x000000070cd00000, 0x000000070cd00000| Untracked 
| 160|0x000000070ce00000, 0x000000070ce00000, 0x000000070cf00000|  0%| F|  |TAMS 0x000000070ce00000, 0x000000070ce00000| Untracked 
| 161|0x000000070cf00000, 0x000000070cf00000, 0x000000070d000000|  0%| F|  |TAMS 0x000000070cf00000, 0x000000070cf00000| Untracked 
| 162|0x000000070d000000, 0x000000070d000000, 0x000000070d100000|  0%| F|  |TAMS 0x000000070d000000, 0x000000070d000000| Untracked 
| 163|0x000000070d100000, 0x000000070d100000, 0x000000070d200000|  0%| F|  |TAMS 0x000000070d100000, 0x000000070d100000| Untracked 
| 164|0x000000070d200000, 0x000000070d200000, 0x000000070d300000|  0%| F|  |TAMS 0x000000070d200000, 0x000000070d200000| Untracked 
| 165|0x000000070d300000, 0x000000070d300000, 0x000000070d400000|  0%| F|  |TAMS 0x000000070d300000, 0x000000070d300000| Untracked 
| 166|0x000000070d400000, 0x000000070d400000, 0x000000070d500000|  0%| F|  |TAMS 0x000000070d400000, 0x000000070d400000| Untracked 
| 167|0x000000070d500000, 0x000000070d500000, 0x000000070d600000|  0%| F|  |TAMS 0x000000070d500000, 0x000000070d500000| Untracked 
| 168|0x000000070d600000, 0x000000070d600000, 0x000000070d700000|  0%| F|  |TAMS 0x000000070d600000, 0x000000070d600000| Untracked 
| 169|0x000000070d700000, 0x000000070d700000, 0x000000070d800000|  0%| F|  |TAMS 0x000000070d700000, 0x000000070d700000| Untracked 
| 170|0x000000070d800000, 0x000000070d800000, 0x000000070d900000|  0%| F|  |TAMS 0x000000070d800000, 0x000000070d800000| Untracked 
| 171|0x000000070d900000, 0x000000070d900000, 0x000000070da00000|  0%| F|  |TAMS 0x000000070d900000, 0x000000070d900000| Untracked 
| 172|0x000000070da00000, 0x000000070da00000, 0x000000070db00000|  0%| F|  |TAMS 0x000000070da00000, 0x000000070da00000| Untracked 
| 173|0x000000070db00000, 0x000000070db00000, 0x000000070dc00000|  0%| F|  |TAMS 0x000000070db00000, 0x000000070db00000| Untracked 
| 174|0x000000070dc00000, 0x000000070dc00000, 0x000000070dd00000|  0%| F|  |TAMS 0x000000070dc00000, 0x000000070dc00000| Untracked 
| 175|0x000000070dd00000, 0x000000070dd00000, 0x000000070de00000|  0%| F|  |TAMS 0x000000070dd00000, 0x000000070dd00000| Untracked 
| 176|0x000000070de00000, 0x000000070de00000, 0x000000070df00000|  0%| F|  |TAMS 0x000000070de00000, 0x000000070de00000| Untracked 
| 177|0x000000070df00000, 0x000000070df00000, 0x000000070e000000|  0%| F|  |TAMS 0x000000070df00000, 0x000000070df00000| Untracked 
| 178|0x000000070e000000, 0x000000070e000000, 0x000000070e100000|  0%| F|  |TAMS 0x000000070e000000, 0x000000070e000000| Untracked 
| 179|0x000000070e100000, 0x000000070e100000, 0x000000070e200000|  0%| F|  |TAMS 0x000000070e100000, 0x000000070e100000| Untracked 
| 180|0x000000070e200000, 0x000000070e200000, 0x000000070e300000|  0%| F|  |TAMS 0x000000070e200000, 0x000000070e200000| Untracked 
| 181|0x000000070e300000, 0x000000070e300000, 0x000000070e400000|  0%| F|  |TAMS 0x000000070e300000, 0x000000070e300000| Untracked 
| 182|0x000000070e400000, 0x000000070e400000, 0x000000070e500000|  0%| F|  |TAMS 0x000000070e400000, 0x000000070e400000| Untracked 
| 183|0x000000070e500000, 0x000000070e500000, 0x000000070e600000|  0%| F|  |TAMS 0x000000070e500000, 0x000000070e500000| Untracked 
| 184|0x000000070e600000, 0x000000070e600000, 0x000000070e700000|  0%| F|  |TAMS 0x000000070e600000, 0x000000070e600000| Untracked 
| 185|0x000000070e700000, 0x000000070e700000, 0x000000070e800000|  0%| F|  |TAMS 0x000000070e700000, 0x000000070e700000| Untracked 
| 186|0x000000070e800000, 0x000000070e800000, 0x000000070e900000|  0%| F|  |TAMS 0x000000070e800000, 0x000000070e800000| Untracked 
| 187|0x000000070e900000, 0x000000070e900000, 0x000000070ea00000|  0%| F|  |TAMS 0x000000070e900000, 0x000000070e900000| Untracked 
| 188|0x000000070ea00000, 0x000000070ea00000, 0x000000070eb00000|  0%| F|  |TAMS 0x000000070ea00000, 0x000000070ea00000| Untracked 
| 189|0x000000070eb00000, 0x000000070eb00000, 0x000000070ec00000|  0%| F|  |TAMS 0x000000070eb00000, 0x000000070eb00000| Untracked 
| 190|0x000000070ec00000, 0x000000070ec00000, 0x000000070ed00000|  0%| F|  |TAMS 0x000000070ec00000, 0x000000070ec00000| Untracked 
| 191|0x000000070ed00000, 0x000000070ed00000, 0x000000070ee00000|  0%| F|  |TAMS 0x000000070ed00000, 0x000000070ed00000| Untracked 
| 192|0x000000070ee00000, 0x000000070ee00000, 0x000000070ef00000|  0%| F|  |TAMS 0x000000070ee00000, 0x000000070ee00000| Untracked 
| 193|0x000000070ef00000, 0x000000070ef00000, 0x000000070f000000|  0%| F|  |TAMS 0x000000070ef00000, 0x000000070ef00000| Untracked 
| 194|0x000000070f000000, 0x000000070f000000, 0x000000070f100000|  0%| F|  |TAMS 0x000000070f000000, 0x000000070f000000| Untracked 
| 195|0x000000070f100000, 0x000000070f100000, 0x000000070f200000|  0%| F|  |TAMS 0x000000070f100000, 0x000000070f100000| Untracked 
| 196|0x000000070f200000, 0x000000070f200000, 0x000000070f300000|  0%| F|  |TAMS 0x000000070f200000, 0x000000070f200000| Untracked 
| 197|0x000000070f300000, 0x000000070f300000, 0x000000070f400000|  0%| F|  |TAMS 0x000000070f300000, 0x000000070f300000| Untracked 
| 198|0x000000070f400000, 0x000000070f400000, 0x000000070f500000|  0%| F|  |TAMS 0x000000070f400000, 0x000000070f400000| Untracked 
| 199|0x000000070f500000, 0x000000070f500000, 0x000000070f600000|  0%| F|  |TAMS 0x000000070f500000, 0x000000070f500000| Untracked 
| 200|0x000000070f600000, 0x000000070f600000, 0x000000070f700000|  0%| F|  |TAMS 0x000000070f600000, 0x000000070f600000| Untracked 
| 201|0x000000070f700000, 0x000000070f700000, 0x000000070f800000|  0%| F|  |TAMS 0x000000070f700000, 0x000000070f700000| Untracked 
| 202|0x000000070f800000, 0x000000070f800000, 0x000000070f900000|  0%| F|  |TAMS 0x000000070f800000, 0x000000070f800000| Untracked 
| 203|0x000000070f900000, 0x000000070f900000, 0x000000070fa00000|  0%| F|  |TAMS 0x000000070f900000, 0x000000070f900000| Untracked 
| 204|0x000000070fa00000, 0x000000070fa00000, 0x000000070fb00000|  0%| F|  |TAMS 0x000000070fa00000, 0x000000070fa00000| Untracked 
| 205|0x000000070fb00000, 0x000000070fb00000, 0x000000070fc00000|  0%| F|  |TAMS 0x000000070fb00000, 0x000000070fb00000| Untracked 
| 206|0x000000070fc00000, 0x000000070fc00000, 0x000000070fd00000|  0%| F|  |TAMS 0x000000070fc00000, 0x000000070fc00000| Untracked 
| 207|0x000000070fd00000, 0x000000070fd00000, 0x000000070fe00000|  0%| F|  |TAMS 0x000000070fd00000, 0x000000070fd00000| Untracked 
| 208|0x000000070fe00000, 0x000000070fe00000, 0x000000070ff00000|  0%| F|  |TAMS 0x000000070fe00000, 0x000000070fe00000| Untracked 
| 209|0x000000070ff00000, 0x000000070ff00000, 0x0000000710000000|  0%| F|  |TAMS 0x000000070ff00000, 0x000000070ff00000| Untracked 
| 210|0x0000000710000000, 0x0000000710000000, 0x0000000710100000|  0%| F|  |TAMS 0x0000000710000000, 0x0000000710000000| Untracked 
| 211|0x0000000710100000, 0x0000000710100000, 0x0000000710200000|  0%| F|  |TAMS 0x0000000710100000, 0x0000000710100000| Untracked 
| 212|0x0000000710200000, 0x0000000710200000, 0x0000000710300000|  0%| F|  |TAMS 0x0000000710200000, 0x0000000710200000| Untracked 
| 213|0x0000000710300000, 0x0000000710300000, 0x0000000710400000|  0%| F|  |TAMS 0x0000000710300000, 0x0000000710300000| Untracked 
| 214|0x0000000710400000, 0x0000000710400000, 0x0000000710500000|  0%| F|  |TAMS 0x0000000710400000, 0x0000000710400000| Untracked 
| 215|0x0000000710500000, 0x0000000710500000, 0x0000000710600000|  0%| F|  |TAMS 0x0000000710500000, 0x0000000710500000| Untracked 
| 216|0x0000000710600000, 0x0000000710600000, 0x0000000710700000|  0%| F|  |TAMS 0x0000000710600000, 0x0000000710600000| Untracked 
| 217|0x0000000710700000, 0x0000000710700000, 0x0000000710800000|  0%| F|  |TAMS 0x0000000710700000, 0x0000000710700000| Untracked 
| 218|0x0000000710800000, 0x0000000710800000, 0x0000000710900000|  0%| F|  |TAMS 0x0000000710800000, 0x0000000710800000| Untracked 
| 219|0x0000000710900000, 0x0000000710900000, 0x0000000710a00000|  0%| F|  |TAMS 0x0000000710900000, 0x0000000710900000| Untracked 
| 220|0x0000000710a00000, 0x0000000710a00000, 0x0000000710b00000|  0%| F|  |TAMS 0x0000000710a00000, 0x0000000710a00000| Untracked 
| 221|0x0000000710b00000, 0x0000000710b00000, 0x0000000710c00000|  0%| F|  |TAMS 0x0000000710b00000, 0x0000000710b00000| Untracked 
| 222|0x0000000710c00000, 0x0000000710c00000, 0x0000000710d00000|  0%| F|  |TAMS 0x0000000710c00000, 0x0000000710c00000| Untracked 
| 223|0x0000000710d00000, 0x0000000710d00000, 0x0000000710e00000|  0%| F|  |TAMS 0x0000000710d00000, 0x0000000710d00000| Untracked 
| 224|0x0000000710e00000, 0x0000000710e00000, 0x0000000710f00000|  0%| F|  |TAMS 0x0000000710e00000, 0x0000000710e00000| Untracked 
| 225|0x0000000710f00000, 0x0000000710f00000, 0x0000000711000000|  0%| F|  |TAMS 0x0000000710f00000, 0x0000000710f00000| Untracked 
| 226|0x0000000711000000, 0x0000000711000000, 0x0000000711100000|  0%| F|  |TAMS 0x0000000711000000, 0x0000000711000000| Untracked 
| 227|0x0000000711100000, 0x0000000711100000, 0x0000000711200000|  0%| F|  |TAMS 0x0000000711100000, 0x0000000711100000| Untracked 
| 228|0x0000000711200000, 0x0000000711200000, 0x0000000711300000|  0%| F|  |TAMS 0x0000000711200000, 0x0000000711200000| Untracked 
| 229|0x0000000711300000, 0x0000000711300000, 0x0000000711400000|  0%| F|  |TAMS 0x0000000711300000, 0x0000000711300000| Untracked 
| 230|0x0000000711400000, 0x0000000711400000, 0x0000000711500000|  0%| F|  |TAMS 0x0000000711400000, 0x0000000711400000| Untracked 
| 231|0x0000000711500000, 0x0000000711500000, 0x0000000711600000|  0%| F|  |TAMS 0x0000000711500000, 0x0000000711500000| Untracked 
| 232|0x0000000711600000, 0x0000000711600000, 0x0000000711700000|  0%| F|  |TAMS 0x0000000711600000, 0x0000000711600000| Untracked 
| 233|0x0000000711700000, 0x0000000711700000, 0x0000000711800000|  0%| F|  |TAMS 0x0000000711700000, 0x0000000711700000| Untracked 
| 234|0x0000000711800000, 0x0000000711800000, 0x0000000711900000|  0%| F|  |TAMS 0x0000000711800000, 0x0000000711800000| Untracked 
| 235|0x0000000711900000, 0x0000000711900000, 0x0000000711a00000|  0%| F|  |TAMS 0x0000000711900000, 0x0000000711900000| Untracked 
| 236|0x0000000711a00000, 0x0000000711a00000, 0x0000000711b00000|  0%| F|  |TAMS 0x0000000711a00000, 0x0000000711a00000| Untracked 
| 237|0x0000000711b00000, 0x0000000711c00000, 0x0000000711c00000|100%| E|  |TAMS 0x0000000711b00000, 0x0000000711b00000| Complete 
| 238|0x0000000711c00000, 0x0000000711d00000, 0x0000000711d00000|100%| E|CS|TAMS 0x0000000711c00000, 0x0000000711c00000| Complete 
| 239|0x0000000711d00000, 0x0000000711e00000, 0x0000000711e00000|100%| E|CS|TAMS 0x0000000711d00000, 0x0000000711d00000| Complete 
| 240|0x0000000711e00000, 0x0000000711f00000, 0x0000000711f00000|100%| E|CS|TAMS 0x0000000711e00000, 0x0000000711e00000| Complete 
| 241|0x0000000711f00000, 0x0000000712000000, 0x0000000712000000|100%| E|CS|TAMS 0x0000000711f00000, 0x0000000711f00000| Complete 
| 242|0x0000000712000000, 0x0000000712100000, 0x0000000712100000|100%| E|CS|TAMS 0x0000000712000000, 0x0000000712000000| Complete 
| 243|0x0000000712100000, 0x0000000712200000, 0x0000000712200000|100%| E|CS|TAMS 0x0000000712100000, 0x0000000712100000| Complete 
| 244|0x0000000712200000, 0x0000000712300000, 0x0000000712300000|100%| E|CS|TAMS 0x0000000712200000, 0x0000000712200000| Complete 
| 245|0x0000000712300000, 0x0000000712400000, 0x0000000712400000|100%| E|CS|TAMS 0x0000000712300000, 0x0000000712300000| Complete 
| 246|0x0000000712400000, 0x0000000712500000, 0x0000000712500000|100%| E|CS|TAMS 0x0000000712400000, 0x0000000712400000| Complete 
| 247|0x0000000712500000, 0x0000000712600000, 0x0000000712600000|100%| E|CS|TAMS 0x0000000712500000, 0x0000000712500000| Complete 
| 248|0x0000000712600000, 0x0000000712700000, 0x0000000712700000|100%| E|CS|TAMS 0x0000000712600000, 0x0000000712600000| Complete 
| 249|0x0000000712700000, 0x0000000712800000, 0x0000000712800000|100%| E|CS|TAMS 0x0000000712700000, 0x0000000712700000| Complete 
| 250|0x0000000712800000, 0x0000000712900000, 0x0000000712900000|100%| E|CS|TAMS 0x0000000712800000, 0x0000000712800000| Complete 
| 251|0x0000000712900000, 0x0000000712a00000, 0x0000000712a00000|100%| E|CS|TAMS 0x0000000712900000, 0x0000000712900000| Complete 
| 252|0x0000000712a00000, 0x0000000712b00000, 0x0000000712b00000|100%| E|CS|TAMS 0x0000000712a00000, 0x0000000712a00000| Complete 
| 253|0x0000000712b00000, 0x0000000712c00000, 0x0000000712c00000|100%| E|CS|TAMS 0x0000000712b00000, 0x0000000712b00000| Complete 

Card table byte_map: [0x000001f97afb0000,0x000001f97b7a0000] _byte_map_base: 0x000001f977799000

Marking Bits (Prev, Next): (CMBitMap*) 0x000001f9641fa5f8, (CMBitMap*) 0x000001f9641fa630
 Prev Bits: [0x000001f97bf90000, 0x000001f97fed8000)
 Next Bits: [0x000001f900000000, 0x000001f903f48000)

Polling page: 0x000001f962050000

Metaspace:

Usage:
  Non-class:     42.69 MB capacity,    41.96 MB ( 98%) used,   597.57 KB (  1%) free+waste,   149.38 KB ( <1%) overhead. 
      Class:      6.30 MB capacity,     5.82 MB ( 92%) used,   425.30 KB (  7%) free+waste,    70.69 KB (  1%) overhead. 
       Both:     49.00 MB capacity,    47.78 MB ( 98%) used,  1022.88 KB (  2%) free+waste,   220.06 KB ( <1%) overhead. 

Virtual space:
  Non-class space:       44.00 MB reserved,      42.75 MB ( 97%) committed 
      Class space:        1.00 GB reserved,       6.38 MB ( <1%) committed 
             Both:        1.04 GB reserved,      49.13 MB (  5%) committed 

Chunk freelists:
   Non-Class:  7.25 KB
       Class:  1.13 KB
        Both:  8.38 KB

CodeHeap 'non-profiled nmethods': size=120064Kb used=2879Kb max_used=2879Kb free=117184Kb
 bounds [0x000001f973280000, 0x000001f973550000, 0x000001f97a7c0000]
CodeHeap 'profiled nmethods': size=120000Kb used=11460Kb max_used=11460Kb free=108539Kb
 bounds [0x000001f96bd50000, 0x000001f96c890000, 0x000001f973280000]
CodeHeap 'non-nmethods': size=5696Kb used=1182Kb max_used=1226Kb free=4513Kb
 bounds [0x000001f96b7c0000, 0x000001f96ba30000, 0x000001f96bd50000]
 total_blobs=5588 nmethods=5066 adapters=433
 compilation: enabled
              stopped_count=0, restarted_count=0
 full_count=0

Compilation events (10 events):
Event: 6.133 Thread 0x000001f906c42000 5103       1       java.util.concurrent.locks.ReentrantReadWriteLock::writeLock (5 bytes)
Event: 6.133 Thread 0x000001f906c42000 nmethod 5103 0x000001f97354f990 code [0x000001f97354fb20, 0x000001f97354fbd8]
Event: 6.136 Thread 0x000001f906c42000 5104       3       java.lang.invoke.MethodHandles::makeIdentity (23 bytes)
Event: 6.136 Thread 0x000001f906c42000 nmethod 5104 0x000001f96c87ef90 code [0x000001f96c87f220, 0x000001f96c87fef8]
Event: 6.136 Thread 0x000001f906c42000 5106       3       java.util.regex.Pattern$CharProperty::match (61 bytes)
Event: 6.137 Thread 0x000001f906c42000 nmethod 5106 0x000001f96c880390 code [0x000001f96c880560, 0x000001f96c880a28]
Event: 6.137 Thread 0x000001f906c42000 5107       1       com.netflix.servo.tag.SmallTagMap::access$100 (5 bytes)
Event: 6.137 Thread 0x000001f906c42000 nmethod 5107 0x000001f97354fc90 code [0x000001f97354fe20, 0x000001f97354feb8]
Event: 6.137 Thread 0x000001f906c42000 5105       3       java.lang.invoke.LambdaForm::identityForm (27 bytes)
Event: 6.137 Thread 0x000001f906c42000 nmethod 5105 0x000001f96c880c10 code [0x000001f96c880dc0, 0x000001f96c880f88]

GC Heap History (10 events):
Event: 1.906 GC heap before
{Heap before GC invocations=1 (full 0):
 garbage-first heap   total 260096K, used 64907K [0x0000000702e00000, 0x0000000800000000)
  region size 1024K, 61 young (62464K), 2 survivors (2048K)
 Metaspace       used 20857K, capacity 21218K, committed 21296K, reserved 1069056K
  class space    used 2283K, capacity 2425K, committed 2432K, reserved 1048576K
}
Event: 1.912 GC heap after
{Heap after GC invocations=2 (full 0):
 garbage-first heap   total 260096K, used 8847K [0x0000000702e00000, 0x0000000800000000)
  region size 1024K, 6 young (6144K), 6 survivors (6144K)
 Metaspace       used 20857K, capacity 21218K, committed 21296K, reserved 1069056K
  class space    used 2283K, capacity 2425K, committed 2432K, reserved 1048576K
}
Event: 2.278 GC heap before
{Heap before GC invocations=3 (full 0):
 garbage-first heap   total 260096K, used 37519K [0x0000000702e00000, 0x0000000800000000)
  region size 1024K, 35 young (35840K), 6 survivors (6144K)
 Metaspace       used 26020K, capacity 26596K, committed 26880K, reserved 1073152K
  class space    used 3068K, capacity 3288K, committed 3328K, reserved 1048576K
}
Event: 2.283 GC heap after
{Heap after GC invocations=4 (full 0):
 garbage-first heap   total 260096K, used 9855K [0x0000000702e00000, 0x0000000800000000)
  region size 1024K, 2 young (2048K), 2 survivors (2048K)
 Metaspace       used 26020K, capacity 26596K, committed 26880K, reserved 1073152K
  class space    used 3068K, capacity 3288K, committed 3328K, reserved 1048576K
}
Event: 3.094 GC heap before
{Heap before GC invocations=4 (full 0):
 garbage-first heap   total 260096K, used 79487K [0x0000000702e00000, 0x0000000800000000)
  region size 1024K, 71 young (72704K), 2 survivors (2048K)
 Metaspace       used 29680K, capacity 30360K, committed 30464K, reserved 1075200K
  class space    used 3478K, capacity 3745K, committed 3840K, reserved 1048576K
}
Event: 3.099 GC heap after
{Heap after GC invocations=5 (full 0):
 garbage-first heap   total 260096K, used 12220K [0x0000000702e00000, 0x0000000800000000)
  region size 1024K, 4 young (4096K), 4 survivors (4096K)
 Metaspace       used 29680K, capacity 30360K, committed 30464K, reserved 1075200K
  class space    used 3478K, capacity 3745K, committed 3840K, reserved 1048576K
}
Event: 3.748 GC heap before
{Heap before GC invocations=5 (full 0):
 garbage-first heap   total 260096K, used 97212K [0x0000000702e00000, 0x0000000800000000)
  region size 1024K, 88 young (90112K), 4 survivors (4096K)
 Metaspace       used 35216K, capacity 35936K, committed 35968K, reserved 1081344K
  class space    used 4152K, capacity 4456K, committed 4480K, reserved 1048576K
}
Event: 3.753 GC heap after
{Heap after GC invocations=6 (full 0):
 garbage-first heap   total 260096K, used 15013K [0x0000000702e00000, 0x0000000800000000)
  region size 1024K, 7 young (7168K), 7 survivors (7168K)
 Metaspace       used 35216K, capacity 35936K, committed 35968K, reserved 1081344K
  class space    used 4152K, capacity 4456K, committed 4480K, reserved 1048576K
}
Event: 5.977 GC heap before
{Heap before GC invocations=7 (full 0):
 garbage-first heap   total 260096K, used 163493K [0x0000000702e00000, 0x0000000800000000)
  region size 1024K, 152 young (155648K), 7 survivors (7168K)
 Metaspace       used 47085K, capacity 48248K, committed 48512K, reserved 1091584K
  class space    used 5712K, capacity 6175K, committed 6272K, reserved 1048576K
}
Event: 5.988 GC heap after
{Heap after GC invocations=8 (full 0):
 garbage-first heap   total 260096K, used 21383K [0x0000000702e00000, 0x0000000800000000)
  region size 1024K, 13 young (13312K), 13 survivors (13312K)
 Metaspace       used 47085K, capacity 48248K, committed 48512K, reserved 1091584K
  class space    used 5712K, capacity 6175K, committed 6272K, reserved 1048576K
}

Deoptimization events (10 events):
Event: 5.657 Thread 0x000001f96419a000 Uncommon trap: reason=unstable_if action=reinterpret pc=0x000001f973334ca8 method=java.util.concurrent.ConcurrentHashMap.get(Ljava/lang/Object;)Ljava/lang/Object; @ 152 c2
Event: 5.659 Thread 0x000001f96419a000 Uncommon trap: reason=class_check action=maybe_recompile pc=0x000001f973358d80 method=java.util.concurrent.ConcurrentHashMap.putVal(Ljava/lang/Object;Ljava/lang/Object;Z)Ljava/lang/Object; @ 242 c2
Event: 5.659 Thread 0x000001f96419a000 Uncommon trap: reason=class_check action=maybe_recompile pc=0x000001f973358d80 method=java.util.concurrent.ConcurrentHashMap.putVal(Ljava/lang/Object;Ljava/lang/Object;Z)Ljava/lang/Object; @ 242 c2
Event: 5.660 Thread 0x000001f96419a000 Uncommon trap: reason=class_check action=maybe_recompile pc=0x000001f973358d80 method=java.util.concurrent.ConcurrentHashMap.putVal(Ljava/lang/Object;Ljava/lang/Object;Z)Ljava/lang/Object; @ 242 c2
Event: 5.671 Thread 0x000001f96419a000 Uncommon trap: reason=unstable_if action=reinterpret pc=0x000001f97331a470 method=java.util.HashMap.putVal(ILjava/lang/Object;Ljava/lang/Object;ZZ)Ljava/lang/Object; @ 162 c2
Event: 5.671 Thread 0x000001f96419a000 Uncommon trap: reason=unstable_if action=reinterpret pc=0x000001f9734117ec method=java.util.HashMap.putVal(ILjava/lang/Object;Ljava/lang/Object;ZZ)Ljava/lang/Object; @ 162 c2
Event: 5.674 Thread 0x000001f96419a000 Uncommon trap: reason=unstable_if action=reinterpret pc=0x000001f9732e5d0c method=java.util.HashMap.resize()[Ljava/util/HashMap$Node; @ 203 c2
Event: 5.678 Thread 0x000001f96419a000 Uncommon trap: reason=unstable_if action=reinterpret pc=0x000001f9733221fc method=java.util.concurrent.ConcurrentHashMap.transfer([Ljava/util/concurrent/ConcurrentHashMap$Node;[Ljava/util/concurrent/ConcurrentHashMap$Node;)V @ 352 c2
Event: 5.916 Thread 0x000001f96419a000 Uncommon trap: reason=unstable_if action=reinterpret pc=0x000001f97346ee98 method=java.net.URLStreamHandler.parseURL(Ljava/net/URL;Ljava/lang/String;II)V @ 155 c2
Event: 6.123 Thread 0x000001f96419a000 Uncommon trap: reason=null_check action=make_not_entrant pc=0x000001f9733b3ad4 method=java.util.AbstractCollection.toArray([Ljava/lang/Object;)[Ljava/lang/Object; @ 116 c2

Classes redefined (0 events):
No events

Internal exceptions (10 events):
Event: 5.654 Thread 0x000001f96419a000 Exception <a 'java/lang/NoSuchMethodError'{0x000000070ab65b38}: java.lang.invoke.DirectMethodHandle$Holder.invokeSpecialIFC(Ljava/lang/Object;Ljava/lang/Object;Ljava/lang/Object;Ljava/lang/Object;)Ljava/lang/Object;> (0x000000070ab65b38) thrown at [./open
Event: 5.913 Thread 0x000001f96419a000 Exception <a 'sun/nio/fs/WindowsException'{0x0000000709ca67c0}> (0x0000000709ca67c0) thrown at [./open/src/hotspot/share/prims/jni.cpp, line 611]
Event: 6.000 Thread 0x000001f96419a000 Exception <a 'java/lang/ClassNotFoundException'{0x00000007126df658}: java/lang/ObjectCustomizer> (0x00000007126df658) thrown at [./open/src/hotspot/share/classfile/systemDictionary.cpp, line 227]
Event: 6.000 Thread 0x000001f96419a000 Exception <a 'java/lang/ClassNotFoundException'{0x00000007126f3790}: org/springframework/cloud/config/server/config/CompositeConfigurationCustomizer> (0x00000007126f3790) thrown at [./open/src/hotspot/share/classfile/systemDictionary.cpp, line 227]
Event: 6.083 Thread 0x000001f96419a000 Exception <a 'java/lang/IncompatibleClassChangeError'{0x0000000711e82e00}: Found class java.lang.Object, but interface was expected> (0x0000000711e82e00) thrown at [./open/src/hotspot/share/interpreter/linkResolver.cpp, line 838]
Event: 6.101 Thread 0x000001f96419a000 Exception <a 'java/lang/NoSuchMethodError'{0x0000000711d49330}: java.lang.invoke.DirectMethodHandle$Holder.invokeStatic(Ljava/lang/Object;Ljava/lang/Object;Ljava/lang/Object;Ljava/lang/Object;Ljava/lang/Object;Ljava/lang/Object;Ljava/lang/Object;Ljava/lan
Event: 6.102 Thread 0x000001f96419a000 Exception <a 'java/lang/NoSuchMethodError'{0x0000000711d67558}: java.lang.invoke.DirectMethodHandle$Holder.invokeStatic(Ljava/lang/Object;Ljava/lang/Object;Ljava/lang/Object;Ljava/lang/Object;Ljava/lang/Object;Ljava/lang/Object;Ljava/lang/Object;Ljava/lan
Event: 6.103 Thread 0x000001f96419a000 Exception <a 'java/lang/NoSuchMethodError'{0x0000000711d86a98}: java.lang.invoke.DirectMethodHandle$Holder.invokeStatic(Ljava/lang/Object;Ljava/lang/Object;Ljava/lang/Object;Ljava/lang/Object;Ljava/lang/Object;Ljava/lang/Object;Ljava/lang/Object;Ljava/lan
Event: 6.104 Thread 0x000001f96419a000 Exception <a 'java/lang/NoSuchMethodError'{0x0000000711da7498}: java.lang.invoke.DirectMethodHandle$Holder.invokeStatic(Ljava/lang/Object;Ljava/lang/Object;Ljava/lang/Object;Ljava/lang/Object;Ljava/lang/Object;Ljava/lang/Object;Ljava/lang/Object;Ljava/lan
Event: 6.123 Thread 0x000001f96419a000 Implicit null exception at 0x000001f9733b38d9 to 0x000001f9733b3ac8

Events (10 events):
Event: 6.149 loading class com/sun/jersey/api/client/config/ClientConfig
Event: 6.149 loading class com/sun/jersey/api/client/config/ClientConfig done
Event: 6.149 loading class com/sun/jersey/core/util/FeaturesAndProperties
Event: 6.149 loading class com/sun/jersey/core/util/FeaturesAndProperties done
Event: 6.149 loading class com/sun/jersey/api/client/filter/GZIPContentEncodingFilter
Event: 6.149 loading class com/sun/jersey/api/client/filter/GZIPContentEncodingFilter done
Event: 6.150 loading class com/netflix/discovery/EurekaIdentityHeaderFilter
Event: 6.150 loading class com/netflix/discovery/EurekaIdentityHeaderFilter done
Event: 6.150 loading class com/netflix/discovery/converters/wrappers/CodecWrappers$1
Event: 6.150 loading class com/netflix/discovery/converters/wrappers/CodecWrappers$1 done


Dynamic libraries:
0x00007ff64e890000 - 0x00007ff64e89f000 	C:\Program Files\Java\jdk-11.0.13\bin\java.exe
0x00007ffd155f0000 - 0x00007ffd157e5000 	C:\Windows\SYSTEM32\ntdll.dll
0x00007ffd14780000 - 0x00007ffd1483e000 	C:\Windows\System32\KERNEL32.DLL
0x00007ffd13080000 - 0x00007ffd13349000 	C:\Windows\System32\KERNELBASE.dll
0x00007ffd12e70000 - 0x00007ffd12f70000 	C:\Windows\System32\ucrtbase.dll
0x00007ffce7060000 - 0x00007ffce7078000 	C:\Program Files\Java\jdk-11.0.13\bin\jli.dll
0x00007ffd13b20000 - 0x00007ffd13bcc000 	C:\Windows\System32\ADVAPI32.dll
0x00007ffd14450000 - 0x00007ffd144ee000 	C:\Windows\System32\msvcrt.dll
0x00007ffce4dc0000 - 0x00007ffce4dd5000 	C:\Program Files\Java\jdk-11.0.13\bin\VCRUNTIME140.dll
0x00007ffd14840000 - 0x00007ffd148db000 	C:\Windows\System32\sechost.dll
0x00007ffd13c80000 - 0x00007ffd13daa000 	C:\Windows\System32\RPCRT4.dll
0x00007ffd15020000 - 0x00007ffd151c1000 	C:\Windows\System32\USER32.dll
0x00007ffd134f0000 - 0x00007ffd13512000 	C:\Windows\System32\win32u.dll
0x00007ffcfbcd0000 - 0x00007ffcfbf6a000 	C:\Windows\WinSxS\amd64_microsoft.windows.common-controls_6595b64144ccf1df_6.0.19041.1110_none_60b5254171f9507e\COMCTL32.dll
0x00007ffd152a0000 - 0x00007ffd152cb000 	C:\Windows\System32\GDI32.dll
0x00007ffd133e0000 - 0x00007ffd134eb000 	C:\Windows\System32\gdi32full.dll
0x00007ffd13550000 - 0x00007ffd135ed000 	C:\Windows\System32\msvcp_win.dll
0x00007ffd09300000 - 0x00007ffd0930a000 	C:\Windows\SYSTEM32\VERSION.dll
0x00007ffd15270000 - 0x00007ffd152a0000 	C:\Windows\System32\IMM32.DLL
0x00007ffce4c00000 - 0x00007ffce4c9b000 	C:\Program Files\Java\jdk-11.0.13\bin\msvcp140.dll
0x00007ffce3a70000 - 0x00007ffce4583000 	C:\Program Files\Java\jdk-11.0.13\bin\server\jvm.dll
0x00007ffd15260000 - 0x00007ffd15268000 	C:\Windows\System32\PSAPI.DLL
0x00007ffd0ded0000 - 0x00007ffd0ded9000 	C:\Windows\SYSTEM32\WSOCK32.dll
0x00007ffd14710000 - 0x00007ffd1477b000 	C:\Windows\System32\WS2_32.dll
0x00007ffcfb650000 - 0x00007ffcfb677000 	C:\Windows\SYSTEM32\WINMM.dll
0x00007ffd10c30000 - 0x00007ffd10c42000 	C:\Windows\SYSTEM32\kernel.appcore.dll
0x00007ffce7050000 - 0x00007ffce7060000 	C:\Program Files\Java\jdk-11.0.13\bin\verify.dll
0x00007ffd031e0000 - 0x00007ffd033c4000 	C:\Windows\SYSTEM32\DBGHELP.DLL
0x00007ffd037a0000 - 0x00007ffd037cc000 	C:\Windows\SYSTEM32\dbgcore.DLL
0x00007ffd13350000 - 0x00007ffd133d3000 	C:\Windows\System32\bcryptPrimitives.dll
0x00007ffce4bd0000 - 0x00007ffce4bf8000 	C:\Program Files\Java\jdk-11.0.13\bin\java.dll
0x00007ffce4db0000 - 0x00007ffce4dba000 	C:\Program Files\Java\jdk-11.0.13\bin\jimage.dll
0x00007ffce4b40000 - 0x00007ffce4b4e000 	C:\Program Files\Java\jdk-11.0.13\bin\instrument.dll
0x00007ffce4bb0000 - 0x00007ffce4bc6000 	C:\Program Files\Java\jdk-11.0.13\bin\zip.dll
0x00007ffd148e0000 - 0x00007ffd1501f000 	C:\Windows\System32\SHELL32.dll
0x00007ffd10e30000 - 0x00007ffd115c0000 	C:\Windows\SYSTEM32\windows.storage.dll
0x00007ffd140f0000 - 0x00007ffd14445000 	C:\Windows\System32\combase.dll
0x00007ffd12760000 - 0x00007ffd1278c000 	C:\Windows\SYSTEM32\Wldp.dll
0x00007ffd13db0000 - 0x00007ffd13e5d000 	C:\Windows\System32\SHCORE.dll
0x00007ffd13640000 - 0x00007ffd13695000 	C:\Windows\System32\shlwapi.dll
0x00007ffd12c50000 - 0x00007ffd12c6f000 	C:\Windows\SYSTEM32\profapi.dll
0x00007ffce4b90000 - 0x00007ffce4ba9000 	C:\Program Files\Java\jdk-11.0.13\bin\net.dll
0x00007ffd05020000 - 0x00007ffd05128000 	C:\Windows\SYSTEM32\WINHTTP.dll
0x00007ffd12450000 - 0x00007ffd124ba000 	C:\Windows\system32\mswsock.dll
0x00007ffce4b70000 - 0x00007ffce4b82000 	C:\Program Files\Java\jdk-11.0.13\bin\nio.dll
0x00007ffce4b10000 - 0x00007ffce4b2a000 	C:\Program Files\JetBrains\IntelliJ IDEA Community Edition 2021.3.2\bin\breakgen64.dll
0x00007ffd12140000 - 0x00007ffd1217b000 	C:\Windows\SYSTEM32\IPHLPAPI.DLL
0x00007ffd14550000 - 0x00007ffd14558000 	C:\Windows\System32\NSI.dll
0x00007ffd07e30000 - 0x00007ffd07e47000 	C:\Windows\SYSTEM32\dhcpcsvc6.DLL
0x00007ffd09460000 - 0x00007ffd0947d000 	C:\Windows\SYSTEM32\dhcpcsvc.DLL
0x00007ffd12180000 - 0x00007ffd1224c000 	C:\Windows\SYSTEM32\DNSAPI.dll
0x00007ffd04b20000 - 0x00007ffd04b2a000 	C:\Windows\System32\rasadhlp.dll
0x00007ffd05130000 - 0x00007ffd051af000 	C:\Windows\System32\fwpuclnt.dll
0x00007ffd13520000 - 0x00007ffd13547000 	C:\Windows\System32\bcrypt.dll
0x00007ffce4b60000 - 0x00007ffce4b69000 	C:\Program Files\Java\jdk-11.0.13\bin\management.dll
0x00007ffce4b50000 - 0x00007ffce4b5b000 	C:\Program Files\Java\jdk-11.0.13\bin\management_ext.dll
0x00007ffd02ba0000 - 0x00007ffd02bb7000 	C:\Windows\system32\napinsp.dll
0x00007ffd02b80000 - 0x00007ffd02b9b000 	C:\Windows\system32\pnrpnsp.dll
0x00007ffd0c600000 - 0x00007ffd0c615000 	C:\Windows\system32\wshbth.dll
0x00007ffd0e6a0000 - 0x00007ffd0e6bd000 	C:\Windows\system32\NLAapi.dll
0x00007ffd02b60000 - 0x00007ffd02b72000 	C:\Windows\System32\winrnr.dll
0x00007ffd12640000 - 0x00007ffd12658000 	C:\Windows\SYSTEM32\CRYPTSP.dll
0x00007ffd11dd0000 - 0x00007ffd11e04000 	C:\Windows\system32\rsaenh.dll
0x00007ffd12c10000 - 0x00007ffd12c3e000 	C:\Windows\SYSTEM32\USERENV.dll
0x00007ffd12660000 - 0x00007ffd1266c000 	C:\Windows\SYSTEM32\CRYPTBASE.dll
0x00007ffce5720000 - 0x00007ffce5745000 	C:\Program Files\Java\jdk-11.0.13\bin\sunec.dll

dbghelp: loaded successfully - version: 4.0.5 - missing functions: none
symbol engine: initialized successfully - sym options: 0x614 - pdb path: .;C:\Program Files\Java\jdk-11.0.13\bin;C:\Windows\SYSTEM32;C:\Windows\WinSxS\amd64_microsoft.windows.common-controls_6595b64144ccf1df_6.0.19041.1110_none_60b5254171f9507e;C:\Program Files\Java\jdk-11.0.13\bin\server;C:\Program Files\JetBrains\IntelliJ IDEA Community Edition 2021.3.2\bin

VM Arguments:
jvm_args: -javaagent:C:\Program Files\JetBrains\IntelliJ IDEA Community Edition 2021.3.2\lib\idea_rt.jar=49212:C:\Program Files\JetBrains\IntelliJ IDEA Community Edition 2021.3.2\bin -Dfile.encoding=UTF-8 
java_command: com.state.psa.config.ServerConfigurationApplication
java_class_path (initial): E:\IntelliJIdea\WORKSPACE\PSA\psa-server-configuration\target\classes;C:\Users\scrb\.m2\repository\org\springframework\cloud\spring-cloud-config-server\2.2.8.RELEASE\spring-cloud-config-server-2.2.8.RELEASE.jar;C:\Users\scrb\.m2\repository\org\springframework\cloud\spring-cloud-config-client\2.2.8.RELEASE\spring-cloud-config-client-2.2.8.RELEASE.jar;C:\Users\scrb\.m2\repository\org\springframework\boot\spring-boot-autoconfigure\2.3.0.RELEASE\spring-boot-autoconfigure-2.3.0.RELEASE.jar;C:\Users\scrb\.m2\repository\org\springframework\cloud\spring-cloud-commons\2.2.8.RELEASE\spring-cloud-commons-2.2.8.RELEASE.jar;C:\Users\scrb\.m2\repository\org\springframework\cloud\spring-cloud-context\2.2.8.RELEASE\spring-cloud-context-2.2.8.RELEASE.jar;C:\Users\scrb\.m2\repository\org\springframework\spring-web\5.2.6.RELEASE\spring-web-5.2.6.RELEASE.jar;C:\Users\scrb\.m2\repository\org\springframework\spring-beans\5.2.6.RELEASE\spring-beans-5.2.6.RELEASE.jar;C:\Users\scrb\.m2\repository\com\fasterxml\jackson\core\jackson-annotations\2.11.0\jackson-annotations-2.11.0.jar;C:\Users\scrb\.m2\repository\com\fasterxml\jackson\core\jackson-databind\2.11.0\jackson-databind-2.11.0.jar;C:\Users\scrb\.m2\repository\org\apache\httpcomponents\httpclient\4.5.12\httpclient-4.5.12.jar;C:\Users\scrb\.m2\repository\commons-codec\commons-codec\1.14\commons-codec-1.14.jar;C:\Users\scrb\.m2\repository\org\springframework\boot\spring-boot-starter-web\2.3.0.RELEASE\spring-boot-starter-web-2.3.0.RELEASE.jar;C:\Users\scrb\.m2\repository\org\springframework\boot\spring-boot-starter-json\2.3.0.RELEASE\spring-boot-starter-json-2.3.0.RELEASE.jar;C:\Users\scrb\.m2\repository\com\fasterxml\jackson\datatype\jackson-datatype-jdk8\2.11.0\jackson-datatype-jdk8-2.11.0.jar;C:\Users\scrb\.m2\repository\com\fasterxml\jackson\datatype\jackson-datatype-jsr310\2.11.0\jackson-datatype-jsr310-2.11.0.jar;C:\Users\scrb\.m2\repository\com\fasterxml\jackson\module\jackson-module-parameter-names\2.11
Launcher Type: SUN_STANDARD

[Global flags]
     intx CICompilerCount                          = 3                                         {product} {ergonomic}
     uint ConcGCThreads                            = 1                                         {product} {ergonomic}
     uint G1ConcRefinementThreads                  = 4                                         {product} {ergonomic}
   size_t G1HeapRegionSize                         = 1048576                                   {product} {ergonomic}
    uintx GCDrainStackTargetSize                   = 64                                        {product} {ergonomic}
   size_t InitialHeapSize                          = 266338304                                 {product} {ergonomic}
   size_t MarkStackSize                            = 4194304                                   {product} {ergonomic}
   size_t MaxHeapSize                              = 4246732800                                {product} {ergonomic}
   size_t MaxNewSize                               = 2548039680                                {product} {ergonomic}
   size_t MinHeapDeltaBytes                        = 1048576                                   {product} {ergonomic}
    uintx NonNMethodCodeHeapSize                   = 5830732                                {pd product} {ergonomic}
    uintx NonProfiledCodeHeapSize                  = 122913754                              {pd product} {ergonomic}
    uintx ProfiledCodeHeapSize                     = 122913754                              {pd product} {ergonomic}
    uintx ReservedCodeCacheSize                    = 251658240                              {pd product} {ergonomic}
     bool SegmentedCodeCache                       = true                                      {product} {ergonomic}
     bool UseCompressedClassPointers               = true                                 {lp64_product} {ergonomic}
     bool UseCompressedOops                        = true                                 {lp64_product} {ergonomic}
     bool UseG1GC                                  = true                                      {product} {ergonomic}
     bool UseLargePagesIndividualAllocation        = false                                  {pd product} {ergonomic}

Logging:
Log output configuration:
 #0: stdout all=warning uptime,level,tags
 #1: stderr all=off uptime,level,tags

Environment Variables:
PATH=C:\Program Files\Common Files\Oracle\Java\javapath;C:\Program Files (x86)\Common Files\Oracle\Java\javapath;C:\Windows\system32;C:\Windows;C:\Windows\System32\Wbem;C:\Windows\System32\WindowsPowerShell\v1.0\;C:\Windows\System32\OpenSSH\;C:\Program Files (x86)\Microsoft SQL Server\150\DTS\Binn\;C:\Program Files\Azure Data Studio\bin;C:\Program Files\MySQL\MySQL Server 5.7\bin;C:\Program Files\Git\cmd;C:\Program Files\MySQL\MySQL Shell 8.0\bin\;C:\Users\scrb\AppData\Local\Microsoft\WindowsApps;C:\Program Files\JetBrains\IntelliJ IDEA Community Edition 2021.3.2\bin;;C:\Program Files\Azure Data Studio\bin;C:\Program Files\MySQL\MySQL Server 5.7\bin;
USERNAME=scrb
OS=Windows_NT
PROCESSOR_IDENTIFIER=Intel64 Family 6 Model 94 Stepping 3, GenuineIntel



---------------  S Y S T E M  ---------------

OS: Windows 10 , 64 bit Build 19041 (10.0.19041.1202)

CPU:total 4 (initial active 4) (4 cores per cpu, 1 threads per core) family 6 model 94 stepping 3 microcode 0xcc, cmov, cx8, fxsr, mmx, sse, sse2, sse3, ssse3, sse4.1, sse4.2, popcnt, avx, avx2, aes, clmul, erms, 3dnowpref, lzcnt, tsc, tscinvbit, bmi1, bmi2, adx, fma

Memory: 4k page, system-wide physical 16199M (11154M free)
TotalPageFile size 18631M (AvailPageFile size 13059M)
current process WorkingSet (physical memory assigned to process): 336M, peak: 336M
current process commit charge ("private bytes"): 452M, peak: 452M

vm_info: Java HotSpot(TM) 64-Bit Server VM (11.0.13+10-LTS-370) for windows-amd64 JRE (11.0.13+10-LTS-370), built on Sep 15 2021 22:10:36 by "mach5one" with MS VC++ 15.9 (VS2017)

END.
