2022-04-01 13:23:21,676 INFO com.state.fms.PsaFmsServiceApplication [main] Starting PsaFmsServiceApplication on DESKTOP-V8BQ1SS with PID 13944 (E:\IntelliJIdea\WORKSPACE\PSA\psa-fms-service\target\classes started by scrb in E:\IntelliJIdea\WORKSPACE\PSA\psa-fms-service)
2022-04-01 13:23:21,679 INFO com.state.fms.PsaFmsServiceApplication [main] No active profile set, falling back to default profiles: default
2022-04-01 13:23:22,395 INFO org.springframework.data.repository.config.RepositoryConfigurationDelegate [main] Bootstrapping Spring Data MongoDB repositories in DEFAULT mode.
2022-04-01 13:23:22,415 INFO org.springframework.data.repository.config.RepositoryConfigurationDelegate [main] Finished Spring Data repository scanning in 13ms. Found 0 MongoDB repository interfaces.
2022-04-01 13:23:22,656 INFO org.springframework.cloud.context.scope.GenericScope [main] BeanFactory id=364e3805-a3f7-3c33-a359-d7b5da56d30f
2022-04-01 13:23:22,706 ERROR org.springframework.boot.SpringApplication [main] Application run failed
java.lang.NoClassDefFoundError: org/springframework/boot/logging/DeferredLogFactory
	at java.base/java.lang.Class.getDeclaredConstructors0(Native Method)
	at java.base/java.lang.Class.privateGetDeclaredConstructors(Class.java:3137)
	at java.base/java.lang.Class.getDeclaredConstructors(Class.java:2357)
	at org.springframework.boot.context.properties.ConfigurationPropertiesBindConstructorProvider.findConstructorBindingAnnotatedConstructor(ConfigurationPropertiesBindConstructorProvider.java:62)
	at org.springframework.boot.context.properties.ConfigurationPropertiesBindConstructorProvider.getBindConstructor(ConfigurationPropertiesBindConstructorProvider.java:48)
	at org.springframework.boot.context.properties.ConfigurationPropertiesBean$BindMethod.forType(ConfigurationPropertiesBean.java:311)
	at org.springframework.boot.context.properties.ConfigurationPropertiesBeanDefinitionValidator.validate(ConfigurationPropertiesBeanDefinitionValidator.java:63)
	at org.springframework.boot.context.properties.ConfigurationPropertiesBeanDefinitionValidator.postProcessBeanFactory(ConfigurationPropertiesBeanDefinitionValidator.java:45)
	at org.springframework.context.support.PostProcessorRegistrationDelegate.invokeBeanFactoryPostProcessors(PostProcessorRegistrationDelegate.java:291)
	at org.springframework.context.support.PostProcessorRegistrationDelegate.invokeBeanFactoryPostProcessors(PostProcessorRegistrationDelegate.java:175)
	at org.springframework.context.support.AbstractApplicationContext.invokeBeanFactoryPostProcessors(AbstractApplicationContext.java:706)
	at org.springframework.context.support.AbstractApplicationContext.refresh(AbstractApplicationContext.java:532)
	at org.springframework.boot.web.servlet.context.ServletWebServerApplicationContext.refresh(ServletWebServerApplicationContext.java:143)
	at org.springframework.boot.SpringApplication.refresh(SpringApplication.java:758)
	at org.springframework.boot.SpringApplication.refresh(SpringApplication.java:750)
	at org.springframework.boot.SpringApplication.refreshContext(SpringApplication.java:397)
	at org.springframework.boot.SpringApplication.run(SpringApplication.java:315)
	at org.springframework.boot.SpringApplication.run(SpringApplication.java:1237)
	at org.springframework.boot.SpringApplication.run(SpringApplication.java:1226)
	at com.state.fms.PsaFmsServiceApplication.main(PsaFmsServiceApplication.java:12)
Caused by: java.lang.ClassNotFoundException: org.springframework.boot.logging.DeferredLogFactory
	at java.base/jdk.internal.loader.BuiltinClassLoader.loadClass(BuiltinClassLoader.java:581)
	at java.base/jdk.internal.loader.ClassLoaders$AppClassLoader.loadClass(ClassLoaders.java:178)
	at java.base/java.lang.ClassLoader.loadClass(ClassLoader.java:521)
	... 20 common frames omitted
2022-04-01 13:25:16,497 INFO com.state.fms.PsaFmsServiceApplication [main] Starting PsaFmsServiceApplication using Java 11.0.13 on DESKTOP-V8BQ1SS with PID 13984 (E:\IntelliJIdea\WORKSPACE\PSA\psa-fms-service\target\classes started by scrb in E:\IntelliJIdea\WORKSPACE\PSA\psa-fms-service)
2022-04-01 13:25:16,500 INFO com.state.fms.PsaFmsServiceApplication [main] No active profile set, falling back to 1 default profile: "default"
2022-04-01 13:25:17,260 INFO org.springframework.data.repository.config.RepositoryConfigurationDelegate [main] Bootstrapping Spring Data MongoDB repositories in DEFAULT mode.
2022-04-01 13:25:17,273 INFO org.springframework.data.repository.config.RepositoryConfigurationDelegate [main] Finished Spring Data repository scanning in 7 ms. Found 0 MongoDB repository interfaces.
2022-04-01 13:25:17,529 INFO org.springframework.cloud.context.scope.GenericScope [main] BeanFactory id=2255b822-50d1-3130-916c-b4be2c9e9ce5
2022-04-01 13:25:18,036 INFO org.springframework.boot.web.embedded.tomcat.TomcatWebServer [main] Tomcat initialized with port(s): 8080 (http)
2022-04-01 13:25:18,047 INFO org.apache.catalina.core.StandardService [main] Starting service [Tomcat]
2022-04-01 13:25:18,047 INFO org.apache.catalina.core.StandardEngine [main] Starting Servlet engine: [Apache Tomcat/9.0.60]
2022-04-01 13:25:18,215 INFO org.apache.catalina.core.ContainerBase.[Tomcat].[localhost].[/] [main] Initializing Spring embedded WebApplicationContext
2022-04-01 13:25:18,216 INFO org.springframework.boot.web.servlet.context.ServletWebServerApplicationContext [main] Root WebApplicationContext: initialization completed in 1650 ms
2022-04-01 13:25:18,348 INFO org.mongodb.driver.cluster [main] Cluster created with settings {hosts=[localhost:27017], mode=SINGLE, requiredClusterType=UNKNOWN, serverSelectionTimeout='30000 ms'}
2022-04-01 13:25:18,442 INFO org.mongodb.driver.connection [cluster-ClusterId{value='6246afe67cf6cf2e0a472585', description='null'}-localhost:27017] Opened connection [connectionId{localValue:1, serverValue:43}] to localhost:27017
2022-04-01 13:25:18,445 INFO org.mongodb.driver.connection [cluster-rtt-ClusterId{value='6246afe67cf6cf2e0a472585', description='null'}-localhost:27017] Opened connection [connectionId{localValue:2, serverValue:44}] to localhost:27017
2022-04-01 13:25:18,446 INFO org.mongodb.driver.cluster [cluster-ClusterId{value='6246afe67cf6cf2e0a472585', description='null'}-localhost:27017] Monitor thread successfully connected to server with description ServerDescription{address=localhost:27017, type=STANDALONE, state=CONNECTED, ok=true, minWireVersion=0, maxWireVersion=13, maxDocumentSize=16777216, logicalSessionTimeoutMinutes=30, roundTripTimeNanos=27487100}
2022-04-01 13:25:18,501 WARN org.springframework.data.convert.CustomConversions [main] Registering converter from class java.time.LocalDateTime to class org.joda.time.LocalDateTime as reading converter although it doesn't convert from a store-supported type! You might want to check your annotation setup at the converter implementation.
2022-04-01 13:25:18,541 WARN org.springframework.data.convert.CustomConversions [main] Registering converter from class java.time.LocalDateTime to class org.joda.time.LocalDateTime as reading converter although it doesn't convert from a store-supported type! You might want to check your annotation setup at the converter implementation.
2022-04-01 13:25:19,397 INFO org.springframework.cloud.netflix.eureka.config.DiscoveryClientOptionalArgsConfiguration [main] Eureka HTTP Client uses RestTemplate.
2022-04-01 13:25:19,743 WARN org.springframework.cloud.loadbalancer.config.LoadBalancerCacheAutoConfiguration$LoadBalancerCaffeineWarnLogger [main] Spring Cloud LoadBalancer is currently working with the default cache. While this cache implementation is useful for development and tests, it's recommended to use Caffeine cache in production.You can switch to using Caffeine cache, by adding it and org.springframework.cache.caffeine.CaffeineCacheManager to the classpath.
2022-04-01 13:25:19,765 INFO org.springframework.cloud.netflix.eureka.InstanceInfoFactory [main] Setting initial instance status as: STARTING
2022-04-01 13:25:19,867 INFO com.netflix.discovery.DiscoveryClient [main] Initializing Eureka in region us-east-1
2022-04-01 13:25:19,876 INFO com.netflix.discovery.shared.resolver.aws.ConfigClusterResolver [main] Resolving eureka endpoints via configuration
2022-04-01 13:25:19,903 INFO com.netflix.discovery.DiscoveryClient [main] Disable delta property : false
2022-04-01 13:25:19,903 INFO com.netflix.discovery.DiscoveryClient [main] Single vip registry refresh property : null
2022-04-01 13:25:19,903 INFO com.netflix.discovery.DiscoveryClient [main] Force full registry fetch : false
2022-04-01 13:25:19,903 INFO com.netflix.discovery.DiscoveryClient [main] Application is null : false
2022-04-01 13:25:19,903 INFO com.netflix.discovery.DiscoveryClient [main] Registered Applications size is zero : true
2022-04-01 13:25:19,905 INFO com.netflix.discovery.DiscoveryClient [main] Application version is -1: true
2022-04-01 13:25:19,905 INFO com.netflix.discovery.DiscoveryClient [main] Getting all instance registry info from the eureka server
2022-04-01 13:25:20,327 INFO com.netflix.discovery.DiscoveryClient [main] The response status is 200
2022-04-01 13:25:20,329 INFO com.netflix.discovery.DiscoveryClient [main] Starting heartbeat executor: renew interval is: 30
2022-04-01 13:25:20,332 INFO com.netflix.discovery.InstanceInfoReplicator [main] InstanceInfoReplicator onDemand update allowed rate per min is 4
2022-04-01 13:25:20,338 INFO com.netflix.discovery.DiscoveryClient [main] Discovery Client initialized at timestamp 1648799720337 with initial instances count: 2
2022-04-01 13:25:20,340 INFO org.springframework.cloud.netflix.eureka.serviceregistry.EurekaServiceRegistry [main] Registering application PSA-FILE-SERVICE with eureka with status UP
2022-04-01 13:25:20,341 INFO com.netflix.discovery.DiscoveryClient [main] Saw local status change event StatusChangeEvent [timestamp=1648799720341, current=UP, previous=STARTING]
2022-04-01 13:25:20,344 INFO com.netflix.discovery.DiscoveryClient [DiscoveryClient-InstanceInfoReplicator-0] DiscoveryClient_PSA-FILE-SERVICE/DESKTOP-V8BQ1SS.mshome.net:PSA-FILE-SERVICE:8080: registering service...
2022-04-01 13:25:20,370 INFO org.springframework.boot.web.embedded.tomcat.TomcatWebServer [main] Tomcat started on port(s): 8080 (http) with context path ''
2022-04-01 13:25:20,371 INFO org.springframework.cloud.netflix.eureka.serviceregistry.EurekaAutoServiceRegistration [main] Updating port to 8080
2022-04-01 13:25:20,402 INFO com.netflix.discovery.DiscoveryClient [DiscoveryClient-InstanceInfoReplicator-0] DiscoveryClient_PSA-FILE-SERVICE/DESKTOP-V8BQ1SS.mshome.net:PSA-FILE-SERVICE:8080 - registration status: 204
2022-04-01 13:25:20,614 INFO com.state.fms.PsaFmsServiceApplication [main] Started PsaFmsServiceApplication in 4.935 seconds (JVM running for 8.093)
2022-04-01 13:30:19,921 INFO com.netflix.discovery.shared.resolver.aws.ConfigClusterResolver [AsyncResolver-bootstrap-executor-0] Resolving eureka endpoints via configuration
2022-04-01 13:32:52,628 INFO org.apache.catalina.core.ContainerBase.[Tomcat].[localhost].[/] [http-nio-8080-exec-9] Initializing Spring DispatcherServlet 'dispatcherServlet'
2022-04-01 13:32:52,629 INFO org.springframework.web.servlet.DispatcherServlet [http-nio-8080-exec-9] Initializing Servlet 'dispatcherServlet'
2022-04-01 13:32:52,630 INFO org.springframework.web.servlet.DispatcherServlet [http-nio-8080-exec-9] Completed initialization in 1 ms
2022-04-01 13:35:19,936 INFO com.netflix.discovery.shared.resolver.aws.ConfigClusterResolver [AsyncResolver-bootstrap-executor-0] Resolving eureka endpoints via configuration
2022-04-01 13:40:19,942 INFO com.netflix.discovery.shared.resolver.aws.ConfigClusterResolver [AsyncResolver-bootstrap-executor-0] Resolving eureka endpoints via configuration
2022-04-01 13:45:19,943 INFO com.netflix.discovery.shared.resolver.aws.ConfigClusterResolver [AsyncResolver-bootstrap-executor-0] Resolving eureka endpoints via configuration
2022-04-01 13:50:19,950 INFO com.netflix.discovery.shared.resolver.aws.ConfigClusterResolver [AsyncResolver-bootstrap-executor-0] Resolving eureka endpoints via configuration
2022-04-01 13:55:19,965 INFO com.netflix.discovery.shared.resolver.aws.ConfigClusterResolver [AsyncResolver-bootstrap-executor-0] Resolving eureka endpoints via configuration
2022-04-01 14:00:19,981 INFO com.netflix.discovery.shared.resolver.aws.ConfigClusterResolver [AsyncResolver-bootstrap-executor-0] Resolving eureka endpoints via configuration
2022-04-01 14:05:19,983 INFO com.netflix.discovery.shared.resolver.aws.ConfigClusterResolver [AsyncResolver-bootstrap-executor-0] Resolving eureka endpoints via configuration
2022-04-01 14:10:19,994 INFO com.netflix.discovery.shared.resolver.aws.ConfigClusterResolver [AsyncResolver-bootstrap-executor-0] Resolving eureka endpoints via configuration
2022-04-01 14:37:02,052 INFO com.netflix.discovery.shared.resolver.aws.ConfigClusterResolver [AsyncResolver-bootstrap-executor-0] Resolving eureka endpoints via configuration
2022-04-01 14:42:02,063 INFO com.netflix.discovery.shared.resolver.aws.ConfigClusterResolver [AsyncResolver-bootstrap-executor-0] Resolving eureka endpoints via configuration
2022-04-01 14:47:02,077 INFO com.netflix.discovery.shared.resolver.aws.ConfigClusterResolver [AsyncResolver-bootstrap-executor-0] Resolving eureka endpoints via configuration
2022-04-01 14:52:02,094 INFO com.netflix.discovery.shared.resolver.aws.ConfigClusterResolver [AsyncResolver-bootstrap-executor-0] Resolving eureka endpoints via configuration
2022-04-01 14:57:02,099 INFO com.netflix.discovery.shared.resolver.aws.ConfigClusterResolver [AsyncResolver-bootstrap-executor-0] Resolving eureka endpoints via configuration
2022-04-01 15:02:02,100 INFO com.netflix.discovery.shared.resolver.aws.ConfigClusterResolver [AsyncResolver-bootstrap-executor-0] Resolving eureka endpoints via configuration
2022-04-01 15:06:17,462 INFO org.mongodb.driver.connection [http-nio-8080-exec-8] Opened connection [connectionId{localValue:3, serverValue:47}] to localhost:27017
2022-04-01 15:07:02,117 INFO com.netflix.discovery.shared.resolver.aws.ConfigClusterResolver [AsyncResolver-bootstrap-executor-0] Resolving eureka endpoints via configuration
2022-04-01 15:12:02,121 INFO com.netflix.discovery.shared.resolver.aws.ConfigClusterResolver [AsyncResolver-bootstrap-executor-0] Resolving eureka endpoints via configuration
2022-04-01 15:17:02,135 INFO com.netflix.discovery.shared.resolver.aws.ConfigClusterResolver [AsyncResolver-bootstrap-executor-0] Resolving eureka endpoints via configuration
2022-04-01 15:22:02,137 INFO com.netflix.discovery.shared.resolver.aws.ConfigClusterResolver [AsyncResolver-bootstrap-executor-0] Resolving eureka endpoints via configuration
2022-04-01 15:27:02,151 INFO com.netflix.discovery.shared.resolver.aws.ConfigClusterResolver [AsyncResolver-bootstrap-executor-0] Resolving eureka endpoints via configuration
2022-04-01 15:32:02,161 INFO com.netflix.discovery.shared.resolver.aws.ConfigClusterResolver [AsyncResolver-bootstrap-executor-0] Resolving eureka endpoints via configuration
2022-04-01 15:37:02,174 INFO com.netflix.discovery.shared.resolver.aws.ConfigClusterResolver [AsyncResolver-bootstrap-executor-0] Resolving eureka endpoints via configuration
2022-04-01 15:42:02,181 INFO com.netflix.discovery.shared.resolver.aws.ConfigClusterResolver [AsyncResolver-bootstrap-executor-0] Resolving eureka endpoints via configuration
2022-04-01 15:47:02,185 INFO com.netflix.discovery.shared.resolver.aws.ConfigClusterResolver [AsyncResolver-bootstrap-executor-0] Resolving eureka endpoints via configuration
2022-04-01 15:52:02,196 INFO com.netflix.discovery.shared.resolver.aws.ConfigClusterResolver [AsyncResolver-bootstrap-executor-0] Resolving eureka endpoints via configuration
2022-04-01 15:57:02,204 INFO com.netflix.discovery.shared.resolver.aws.ConfigClusterResolver [AsyncResolver-bootstrap-executor-0] Resolving eureka endpoints via configuration
2022-04-01 16:02:02,207 INFO com.netflix.discovery.shared.resolver.aws.ConfigClusterResolver [AsyncResolver-bootstrap-executor-0] Resolving eureka endpoints via configuration
